
#1 [internal] load local bake definitions
#1 reading from stdin 563B done
#1 DONE 0.0s
#2 [internal] load build definition from Dockerfile
#2 transferring dockerfile: 30B 0.1s
#2 transferring dockerfile: 790B 0.2s done
#2 DONE 0.2s
#3 [internal] load metadata for docker.io/library/python:3.11-slim
#3 DONE 1.2s
#4 [internal] load .dockerignore
#4 transferring context: 2B done
#4 DONE 0.0s
#5 [internal] load build context
#5 transferring context: 7.39kB 0.0s done
#5 DONE 0.0s
#6 [1/6] FROM docker.io/library/python:3.11-slim@sha256:9358444059ed78e2975ada2c189f1c1a3144a5dab6f35bff8c981afb38946634
#6 resolve docker.io/library/python:3.11-slim@sha256:9358444059ed78e2975ada2c189f1c1a3144a5dab6f35bff8c981afb38946634 0.0s done
#6 DONE 0.0s
#7 [2/6] WORKDIR /app
#7 CACHED
#8 [3/6] RUN apt-get update && apt-get install -y --no-install-recommends     libgl1 libglib2.0-0 libgomp1 gcc g++     && rm -rf /var/lib/apt/lists/*
#8 0.324 Hit:1 http://deb.debian.org/debian trixie InRelease
#8 0.480 Get:2 http://deb.debian.org/debian trixie-updates InRelease [47.3 kB]
#8 0.549 Get:3 http://deb.debian.org/debian-security trixie-security InRelease [43.4 kB]
#8 0.589 Get:4 http://deb.debian.org/debian trixie/main amd64 Packages [9671 kB]
#8 2.723 Get:5 http://deb.debian.org/debian trixie-updates/main amd64 Packages [5412 B]
#8 2.756 Get:6 http://deb.debian.org/debian-security trixie-security/main amd64 Packages [114 kB]
#8 3.313 Fetched 9881 kB in 3s (3196 kB/s)
#8 3.313 Reading package lists...
#8 3.836 Reading package lists...
#8 4.557 Building dependency tree...
#8 4.729 Reading state information...
#8 5.005 The following additional packages will be installed:
#8 5.005   binutils binutils-common binutils-x86-64-linux-gnu cpp cpp-14
#8 5.005   cpp-14-x86-64-linux-gnu cpp-x86-64-linux-gnu g++-14 g++-14-x86-64-linux-gnu
#8 5.005   g++-x86-64-linux-gnu gcc-14 gcc-14-x86-64-linux-gnu gcc-x86-64-linux-gnu
#8 5.005   libasan8 libatomic1 libbinutils libc-dev-bin libc6-dev libcc1-0 libcrypt-dev
#8 5.005   libctf-nobfd0 libctf0 libdrm-amdgpu1 libdrm-common libdrm-intel1 libdrm2
#8 5.005   libedit2 libelf1t64 libexpat1 libgbm1 libgcc-14-dev libgl1-mesa-dri
#8 5.005   libglvnd0 libglx-mesa0 libglx0 libgprofng0 libhwasan0 libisl23 libitm1
#8 5.006   libjansson4 libllvm19 liblsan0 libmpc3 libmpfr6 libpciaccess0 libquadmath0
#8 5.006   libsensors-config libsensors5 libsframe1 libstdc++-14-dev libtsan2 libubsan1
#8 5.006   libvulkan1 libwayland-server0 libx11-6 libx11-data libx11-xcb1 libxau6
#8 5.006   libxcb-dri3-0 libxcb-glx0 libxcb-present0 libxcb-randr0 libxcb-shm0
#8 5.006   libxcb-sync1 libxcb-xfixes0 libxcb1 libxdmcp6 libxext6 libxml2 libxshmfence1
#8 5.006   libxxf86vm1 libz3-4 linux-libc-dev mesa-libgallium rpcsvc-proto
#8 5.008 Suggested packages:
#8 5.008   binutils-doc gprofng-gui binutils-gold cpp-doc gcc-14-locales cpp-14-doc
#8 5.008   g++-multilib g++-14-multilib gcc-14-doc gcc-multilib make manpages-dev
#8 5.008   autoconf automake libtool flex bison gdb gcc-doc gcc-14-multilib
#8 5.008   gdb-x86-64-linux-gnu libc-devtools glibc-doc low-memory-monitor pciutils
#8 5.008   lm-sensors libstdc++-14-doc
#8 5.008 Recommended packages:
#8 5.008   manpages manpages-dev libglib2.0-data shared-mime-info xdg-user-dirs
#8 5.008   mesa-vulkan-drivers | vulkan-icd
#8 5.244 The following NEW packages will be installed:
#8 5.244   binutils binutils-common binutils-x86-64-linux-gnu cpp cpp-14
#8 5.244   cpp-14-x86-64-linux-gnu cpp-x86-64-linux-gnu g++ g++-14
#8 5.244   g++-14-x86-64-linux-gnu g++-x86-64-linux-gnu gcc gcc-14
#8 5.245   gcc-14-x86-64-linux-gnu gcc-x86-64-linux-gnu libasan8 libatomic1 libbinutils
#8 5.245   libc-dev-bin libc6-dev libcc1-0 libcrypt-dev libctf-nobfd0 libctf0
#8 5.245   libdrm-amdgpu1 libdrm-common libdrm-intel1 libdrm2 libedit2 libelf1t64
#8 5.245   libexpat1 libgbm1 libgcc-14-dev libgl1 libgl1-mesa-dri libglib2.0-0t64
#8 5.245   libglvnd0 libglx-mesa0 libglx0 libgomp1 libgprofng0 libhwasan0 libisl23
#8 5.245   libitm1 libjansson4 libllvm19 liblsan0 libmpc3 libmpfr6 libpciaccess0
#8 5.247   libquadmath0 libsensors-config libsensors5 libsframe1 libstdc++-14-dev
#8 5.247   libtsan2 libubsan1 libvulkan1 libwayland-server0 libx11-6 libx11-data
#8 5.247   libx11-xcb1 libxau6 libxcb-dri3-0 libxcb-glx0 libxcb-present0 libxcb-randr0
#8 5.247   libxcb-shm0 libxcb-sync1 libxcb-xfixes0 libxcb1 libxdmcp6 libxext6 libxml2
#8 5.247   libxshmfence1 libxxf86vm1 libz3-4 linux-libc-dev mesa-libgallium
#8 5.247   rpcsvc-proto
#8 5.622 0 upgraded, 80 newly installed, 0 to remove and 0 not upgraded.
#8 5.622 Need to get 121 MB of archives.
#8 5.622 After this operation, 495 MB of additional disk space will be used.
#8 5.622 Get:1 http://deb.debian.org/debian trixie/main amd64 libexpat1 amd64 2.7.1-2 [108 kB]
#8 5.739 Get:2 http://deb.debian.org/debian trixie/main amd64 libsframe1 amd64 2.44-3 [78.4 kB]
#8 5.763 Get:3 http://deb.debian.org/debian trixie/main amd64 binutils-common amd64 2.44-3 [2509 kB]
#8 6.447 Get:4 http://deb.debian.org/debian trixie/main amd64 libbinutils amd64 2.44-3 [534 kB]
#8 6.555 Get:5 http://deb.debian.org/debian trixie/main amd64 libgprofng0 amd64 2.44-3 [808 kB]
#8 6.839 Get:6 http://deb.debian.org/debian trixie/main amd64 libctf-nobfd0 amd64 2.44-3 [156 kB]
#8 6.847 Get:7 http://deb.debian.org/debian trixie/main amd64 libctf0 amd64 2.44-3 [88.6 kB]
#8 6.851 Get:8 http://deb.debian.org/debian trixie/main amd64 libjansson4 amd64 2.14-2+b3 [39.8 kB]
#8 6.852 Get:9 http://deb.debian.org/debian trixie/main amd64 binutils-x86-64-linux-gnu amd64 2.44-3 [1014 kB]
#8 6.887 Get:10 http://deb.debian.org/debian trixie/main amd64 binutils amd64 2.44-3 [265 kB]
#8 7.015 Get:11 http://deb.debian.org/debian trixie/main amd64 libisl23 amd64 0.27-1 [659 kB]
#8 7.791 Get:12 http://deb.debian.org/debian trixie/main amd64 libmpfr6 amd64 4.2.2-1 [729 kB]
#8 8.118 Get:13 http://deb.debian.org/debian trixie/main amd64 libmpc3 amd64 1.3.1-1+b3 [52.2 kB]
#8 8.131 Get:14 http://deb.debian.org/debian trixie/main amd64 cpp-14-x86-64-linux-gnu amd64 14.2.0-19 [11.0 MB]
#8 10.36 Get:15 http://deb.debian.org/debian trixie/main amd64 cpp-14 amd64 14.2.0-19 [1280 B]
#8 10.36 Get:16 http://deb.debian.org/debian trixie/main amd64 cpp-x86-64-linux-gnu amd64 4:14.2.0-1 [4840 B]
#8 10.36 Get:17 http://deb.debian.org/debian trixie/main amd64 cpp amd64 4:14.2.0-1 [1568 B]
#8 10.36 Get:18 http://deb.debian.org/debian trixie/main amd64 libcc1-0 amd64 14.2.0-19 [42.8 kB]
#8 10.36 Get:19 http://deb.debian.org/debian trixie/main amd64 libgomp1 amd64 14.2.0-19 [137 kB]
#8 10.38 Get:20 http://deb.debian.org/debian trixie/main amd64 libitm1 amd64 14.2.0-19 [26.0 kB]
#8 10.38 Get:21 http://deb.debian.org/debian trixie/main amd64 libatomic1 amd64 14.2.0-19 [9308 B]
#8 10.39 Get:22 http://deb.debian.org/debian trixie/main amd64 libasan8 amd64 14.2.0-19 [2725 kB]
#8 11.87 Get:23 http://deb.debian.org/debian trixie/main amd64 liblsan0 amd64 14.2.0-19 [1204 kB]
#8 12.08 Get:24 http://deb.debian.org/debian trixie/main amd64 libtsan2 amd64 14.2.0-19 [2460 kB]
#8 12.67 Get:25 http://deb.debian.org/debian trixie/main amd64 libubsan1 amd64 14.2.0-19 [1074 kB]
#8 12.98 Get:26 http://deb.debian.org/debian trixie/main amd64 libhwasan0 amd64 14.2.0-19 [1488 kB]
#8 13.20 Get:27 http://deb.debian.org/debian trixie/main amd64 libquadmath0 amd64 14.2.0-19 [145 kB]
#8 13.23 Get:28 http://deb.debian.org/debian trixie/main amd64 libgcc-14-dev amd64 14.2.0-19 [2672 kB]
#8 13.68 Get:29 http://deb.debian.org/debian trixie/main amd64 gcc-14-x86-64-linux-gnu amd64 14.2.0-19 [21.4 MB]
#8 17.56 Get:30 http://deb.debian.org/debian trixie/main amd64 gcc-14 amd64 14.2.0-19 [540 kB]
#8 17.64 Get:31 http://deb.debian.org/debian trixie/main amd64 gcc-x86-64-linux-gnu amd64 4:14.2.0-1 [1436 B]
#8 17.64 Get:32 http://deb.debian.org/debian trixie/main amd64 gcc amd64 4:14.2.0-1 [5136 B]
#8 17.64 Get:33 http://deb.debian.org/debian trixie/main amd64 libc-dev-bin amd64 2.41-12+deb13u2 [59.4 kB]
#8 17.65 Get:34 http://deb.debian.org/debian-security trixie-security/main amd64 linux-libc-dev all 6.12.74-2 [2746 kB]
#8 18.13 Get:35 http://deb.debian.org/debian trixie/main amd64 libcrypt-dev amd64 1:4.4.38-1 [119 kB]
#8 18.18 Get:36 http://deb.debian.org/debian trixie/main amd64 rpcsvc-proto amd64 1.4.3-1 [63.3 kB]
#8 18.18 Get:37 http://deb.debian.org/debian trixie/main amd64 libc6-dev amd64 2.41-12+deb13u2 [1996 kB]
#8 18.61 Get:38 http://deb.debian.org/debian trixie/main amd64 libstdc++-14-dev amd64 14.2.0-19 [2376 kB]
#8 19.02 Get:39 http://deb.debian.org/debian trixie/main amd64 g++-14-x86-64-linux-gnu amd64 14.2.0-19 [12.1 MB]
#8 21.45 Get:40 http://deb.debian.org/debian trixie/main amd64 g++-14 amd64 14.2.0-19 [22.5 kB]
#8 21.45 Get:41 http://deb.debian.org/debian trixie/main amd64 g++-x86-64-linux-gnu amd64 4:14.2.0-1 [1200 B]
#8 21.45 Get:42 http://deb.debian.org/debian trixie/main amd64 g++ amd64 4:14.2.0-1 [1344 B]
#8 21.46 Get:43 http://deb.debian.org/debian trixie/main amd64 libdrm-common all 2.4.124-2 [8288 B]
#8 21.46 Get:44 http://deb.debian.org/debian trixie/main amd64 libdrm2 amd64 2.4.124-2 [39.0 kB]
#8 21.46 Get:45 http://deb.debian.org/debian trixie/main amd64 libdrm-amdgpu1 amd64 2.4.124-2 [22.6 kB]
#8 21.46 Get:46 http://deb.debian.org/debian trixie/main amd64 libpciaccess0 amd64 0.17-3+b3 [51.9 kB]
#8 21.47 Get:47 http://deb.debian.org/debian trixie/main amd64 libdrm-intel1 amd64 2.4.124-2 [64.1 kB]
#8 21.48 Get:48 http://deb.debian.org/debian trixie/main amd64 libedit2 amd64 3.1-20250104-1 [93.8 kB]
#8 21.50 Get:49 http://deb.debian.org/debian trixie/main amd64 libelf1t64 amd64 0.192-4 [189 kB]
#8 21.52 Get:50 http://deb.debian.org/debian trixie/main amd64 libwayland-server0 amd64 1.23.1-3 [34.4 kB]
#8 21.53 Get:51 http://deb.debian.org/debian trixie/main amd64 libxml2 amd64 2.12.7+dfsg+really2.9.14-2.1+deb13u2 [698 kB]
#8 21.63 Get:52 http://deb.debian.org/debian trixie/main amd64 libz3-4 amd64 4.13.3-1 [8560 kB]
#8 23.83 Get:53 http://deb.debian.org/debian trixie/main amd64 libllvm19 amd64 1:19.1.7-3+b1 [26.0 MB]
#8 28.55 Get:54 http://deb.debian.org/debian trixie/main amd64 libsensors-config all 1:3.6.2-2 [16.2 kB]
#8 28.55 Get:55 http://deb.debian.org/debian trixie/main amd64 libsensors5 amd64 1:3.6.2-2 [37.5 kB]
#8 28.55 Get:56 http://deb.debian.org/debian trixie/main amd64 libxau6 amd64 1:1.0.11-1 [20.4 kB]
#8 28.56 Get:57 http://deb.debian.org/debian trixie/main amd64 libxdmcp6 amd64 1:1.1.5-1 [27.8 kB]
#8 28.56 Get:58 http://deb.debian.org/debian trixie/main amd64 libxcb1 amd64 1.17.0-2+b1 [144 kB]
#8 28.57 Get:59 http://deb.debian.org/debian trixie/main amd64 libx11-data all 2:1.8.12-1 [343 kB]
#8 28.63 Get:60 http://deb.debian.org/debian trixie/main amd64 libx11-6 amd64 2:1.8.12-1 [815 kB]
#8 28.76 Get:61 http://deb.debian.org/debian trixie/main amd64 libx11-xcb1 amd64 2:1.8.12-1 [247 kB]
#8 28.79 Get:62 http://deb.debian.org/debian trixie/main amd64 libxcb-dri3-0 amd64 1.17.0-2+b1 [107 kB]
#8 28.80 Get:63 http://deb.debian.org/debian trixie/main amd64 libxcb-present0 amd64 1.17.0-2+b1 [106 kB]
#8 28.81 Get:64 http://deb.debian.org/debian trixie/main amd64 libxcb-randr0 amd64 1.17.0-2+b1 [117 kB]
#8 28.83 Get:65 http://deb.debian.org/debian trixie/main amd64 libxcb-sync1 amd64 1.17.0-2+b1 [109 kB]
#8 28.85 Get:66 http://deb.debian.org/debian trixie/main amd64 libxcb-xfixes0 amd64 1.17.0-2+b1 [109 kB]
#8 28.86 Get:67 http://deb.debian.org/debian trixie/main amd64 libxshmfence1 amd64 1.3.3-1 [10.9 kB]
#8 28.87 Get:68 http://deb.debian.org/debian trixie/main amd64 mesa-libgallium amd64 25.0.7-2 [9629 kB]
#8 30.68 Get:69 http://deb.debian.org/debian trixie/main amd64 libgbm1 amd64 25.0.7-2 [44.4 kB]
#8 30.69 Get:70 http://deb.debian.org/debian trixie/main amd64 libglvnd0 amd64 1.7.0-1+b2 [52.0 kB]
#8 30.70 Get:71 http://deb.debian.org/debian trixie/main amd64 libxcb-glx0 amd64 1.17.0-2+b1 [122 kB]
#8 30.72 Get:72 http://deb.debian.org/debian trixie/main amd64 libxcb-shm0 amd64 1.17.0-2+b1 [105 kB]
#8 30.73 Get:73 http://deb.debian.org/debian trixie/main amd64 libxext6 amd64 2:1.3.4-1+b3 [50.4 kB]
#8 30.74 Get:74 http://deb.debian.org/debian trixie/main amd64 libxxf86vm1 amd64 1:1.1.4-1+b4 [19.3 kB]
#8 30.74 Get:75 http://deb.debian.org/debian trixie/main amd64 libvulkan1 amd64 1.4.309.0-1 [130 kB]
#8 30.75 Get:76 http://deb.debian.org/debian trixie/main amd64 libgl1-mesa-dri amd64 25.0.7-2 [46.1 kB]
#8 30.76 Get:77 http://deb.debian.org/debian trixie/main amd64 libglx-mesa0 amd64 25.0.7-2 [143 kB]
#8 30.78 Get:78 http://deb.debian.org/debian trixie/main amd64 libglx0 amd64 1.7.0-1+b2 [34.9 kB]
#8 30.78 Get:79 http://deb.debian.org/debian trixie/main amd64 libgl1 amd64 1.7.0-1+b2 [89.5 kB]
#8 30.83 Get:80 http://deb.debian.org/debian trixie/main amd64 libglib2.0-0t64 amd64 2.84.4-3~deb13u2 [1518 kB]
#8 31.24 debconf: unable to initialize frontend: Dialog
#8 31.24 debconf: (TERM is not set, so the dialog frontend is not usable.)
#8 31.24 debconf: falling back to frontend: Readline
#8 31.24 debconf: unable to initialize frontend: Readline
#8 31.24 debconf: (Can't locate Term/ReadLine.pm in @INC (you may need to install the Term::ReadLine module) (@INC entries checked: /etc/perl /usr/local/lib/x86_64-linux-gnu/perl/5.40.1 /usr/local/share/perl/5.40.1 /usr/lib/x86_64-linux-gnu/perl5/5.40 /usr/share/perl5 /usr/lib/x86_64-linux-gnu/perl-base /usr/lib/x86_64-linux-gnu/perl/5.40 /usr/share/perl/5.40 /usr/local/lib/site_perl) at /usr/share/perl5/Debconf/FrontEnd/Readline.pm line 8, <STDIN> line 80.)
#8 31.24 debconf: falling back to frontend: Teletype
#8 31.25 debconf: unable to initialize frontend: Teletype
#8 31.25 debconf: (This frontend requires a controlling tty.)
#8 31.25 debconf: falling back to frontend: Noninteractive
#8 32.58 Fetched 121 MB in 26s (4705 kB/s)
#8 32.61 Selecting previously unselected package libexpat1:amd64.
#8 32.61 (Reading database ... 
#8 32.63 Preparing to unpack .../00-libexpat1_2.7.1-2_amd64.deb ...
#8 32.64 Unpacking libexpat1:amd64 (2.7.1-2) ...
#8 32.66 Selecting previously unselected package libsframe1:amd64.
#8 32.66 Preparing to unpack .../01-libsframe1_2.44-3_amd64.deb ...
#8 32.67 Unpacking libsframe1:amd64 (2.44-3) ...
#8 32.68 Selecting previously unselected package binutils-common:amd64.
#8 32.69 Preparing to unpack .../02-binutils-common_2.44-3_amd64.deb ...
#8 32.69 Unpacking binutils-common:amd64 (2.44-3) ...
#8 32.79 Selecting previously unselected package libbinutils:amd64.
#8 32.79 Preparing to unpack .../03-libbinutils_2.44-3_amd64.deb ...
#8 32.80 Unpacking libbinutils:amd64 (2.44-3) ...
#8 32.84 Selecting previously unselected package libgprofng0:amd64.
#8 32.84 Preparing to unpack .../04-libgprofng0_2.44-3_amd64.deb ...
#8 32.84 Unpacking libgprofng0:amd64 (2.44-3) ...
#8 32.89 Selecting previously unselected package libctf-nobfd0:amd64.
#8 32.89 Preparing to unpack .../05-libctf-nobfd0_2.44-3_amd64.deb ...
#8 32.89 Unpacking libctf-nobfd0:amd64 (2.44-3) ...
#8 32.92 Selecting previously unselected package libctf0:amd64.
#8 32.92 Preparing to unpack .../06-libctf0_2.44-3_amd64.deb ...
#8 32.93 Unpacking libctf0:amd64 (2.44-3) ...
#8 32.95 Selecting previously unselected package libjansson4:amd64.
#8 32.95 Preparing to unpack .../07-libjansson4_2.14-2+b3_amd64.deb ...
#8 32.96 Unpacking libjansson4:amd64 (2.14-2+b3) ...
#8 32.98 Selecting previously unselected package binutils-x86-64-linux-gnu.
#8 32.98 Preparing to unpack .../08-binutils-x86-64-linux-gnu_2.44-3_amd64.deb ...
#8 32.98 Unpacking binutils-x86-64-linux-gnu (2.44-3) ...
#8 33.06 Selecting previously unselected package binutils.
#8 33.06 Preparing to unpack .../09-binutils_2.44-3_amd64.deb ...
#8 33.06 Unpacking binutils (2.44-3) ...
#8 33.10 Selecting previously unselected package libisl23:amd64.
#8 33.10 Preparing to unpack .../10-libisl23_0.27-1_amd64.deb ...
#8 33.11 Unpacking libisl23:amd64 (0.27-1) ...
#8 33.16 Selecting previously unselected package libmpfr6:amd64.
#8 33.16 Preparing to unpack .../11-libmpfr6_4.2.2-1_amd64.deb ...
#8 33.16 Unpacking libmpfr6:amd64 (4.2.2-1) ...
#8 33.20 Selecting previously unselected package libmpc3:amd64.
#8 33.20 Preparing to unpack .../12-libmpc3_1.3.1-1+b3_amd64.deb ...
#8 33.21 Unpacking libmpc3:amd64 (1.3.1-1+b3) ...
#8 33.22 Selecting previously unselected package cpp-14-x86-64-linux-gnu.
#8 33.23 Preparing to unpack .../13-cpp-14-x86-64-linux-gnu_14.2.0-19_amd64.deb ...
#8 33.23 Unpacking cpp-14-x86-64-linux-gnu (14.2.0-19) ...
#8 33.58 Selecting previously unselected package cpp-14.
#8 33.58 Preparing to unpack .../14-cpp-14_14.2.0-19_amd64.deb ...
#8 33.58 Unpacking cpp-14 (14.2.0-19) ...
#8 33.60 Selecting previously unselected package cpp-x86-64-linux-gnu.
#8 33.60 Preparing to unpack .../15-cpp-x86-64-linux-gnu_4%3a14.2.0-1_amd64.deb ...
#8 33.60 Unpacking cpp-x86-64-linux-gnu (4:14.2.0-1) ...
#8 33.63 Selecting previously unselected package cpp.
#8 33.63 Preparing to unpack .../16-cpp_4%3a14.2.0-1_amd64.deb ...
#8 33.64 Unpacking cpp (4:14.2.0-1) ...
#8 33.67 Selecting previously unselected package libcc1-0:amd64.
#8 33.67 Preparing to unpack .../17-libcc1-0_14.2.0-19_amd64.deb ...
#8 33.67 Unpacking libcc1-0:amd64 (14.2.0-19) ...
#8 33.69 Selecting previously unselected package libgomp1:amd64.
#8 33.69 Preparing to unpack .../18-libgomp1_14.2.0-19_amd64.deb ...
#8 33.70 Unpacking libgomp1:amd64 (14.2.0-19) ...
#8 33.73 Selecting previously unselected package libitm1:amd64.
#8 33.73 Preparing to unpack .../19-libitm1_14.2.0-19_amd64.deb ...
#8 33.74 Unpacking libitm1:amd64 (14.2.0-19) ...
#8 33.76 Selecting previously unselected package libatomic1:amd64.
#8 33.76 Preparing to unpack .../20-libatomic1_14.2.0-19_amd64.deb ...
#8 33.77 Unpacking libatomic1:amd64 (14.2.0-19) ...
#8 33.79 Selecting previously unselected package libasan8:amd64.
#8 33.79 Preparing to unpack .../21-libasan8_14.2.0-19_amd64.deb ...
#8 33.79 Unpacking libasan8:amd64 (14.2.0-19) ...
#8 33.91 Selecting previously unselected package liblsan0:amd64.
#8 33.91 Preparing to unpack .../22-liblsan0_14.2.0-19_amd64.deb ...
#8 33.91 Unpacking liblsan0:amd64 (14.2.0-19) ...
#8 33.99 Selecting previously unselected package libtsan2:amd64.
#8 33.99 Preparing to unpack .../23-libtsan2_14.2.0-19_amd64.deb ...
#8 33.99 Unpacking libtsan2:amd64 (14.2.0-19) ...
#8 34.11 Selecting previously unselected package libubsan1:amd64.
#8 34.11 Preparing to unpack .../24-libubsan1_14.2.0-19_amd64.deb ...
#8 34.11 Unpacking libubsan1:amd64 (14.2.0-19) ...
#8 34.17 Selecting previously unselected package libhwasan0:amd64.
#8 34.17 Preparing to unpack .../25-libhwasan0_14.2.0-19_amd64.deb ...
#8 34.18 Unpacking libhwasan0:amd64 (14.2.0-19) ...
#8 34.25 Selecting previously unselected package libquadmath0:amd64.
#8 34.25 Preparing to unpack .../26-libquadmath0_14.2.0-19_amd64.deb ...
#8 34.25 Unpacking libquadmath0:amd64 (14.2.0-19) ...
#8 34.28 Selecting previously unselected package libgcc-14-dev:amd64.
#8 34.28 Preparing to unpack .../27-libgcc-14-dev_14.2.0-19_amd64.deb ...
#8 34.28 Unpacking libgcc-14-dev:amd64 (14.2.0-19) ...
#8 34.39 Selecting previously unselected package gcc-14-x86-64-linux-gnu.
#8 34.39 Preparing to unpack .../28-gcc-14-x86-64-linux-gnu_14.2.0-19_amd64.deb ...
#8 34.40 Unpacking gcc-14-x86-64-linux-gnu (14.2.0-19) ...
#8 34.82 Selecting previously unselected package gcc-14.
#8 34.83 Preparing to unpack .../29-gcc-14_14.2.0-19_amd64.deb ...
#8 34.83 Unpacking gcc-14 (14.2.0-19) ...
#8 34.87 Selecting previously unselected package gcc-x86-64-linux-gnu.
#8 34.87 Preparing to unpack .../30-gcc-x86-64-linux-gnu_4%3a14.2.0-1_amd64.deb ...
#8 34.88 Unpacking gcc-x86-64-linux-gnu (4:14.2.0-1) ...
#8 34.90 Selecting previously unselected package gcc.
#8 34.90 Preparing to unpack .../31-gcc_4%3a14.2.0-1_amd64.deb ...
#8 34.90 Unpacking gcc (4:14.2.0-1) ...
#8 34.92 Selecting previously unselected package libc-dev-bin.
#8 34.92 Preparing to unpack .../32-libc-dev-bin_2.41-12+deb13u2_amd64.deb ...
#8 34.93 Unpacking libc-dev-bin (2.41-12+deb13u2) ...
#8 34.96 Selecting previously unselected package linux-libc-dev.
#8 34.96 Preparing to unpack .../33-linux-libc-dev_6.12.74-2_all.deb ...
#8 34.96 Unpacking linux-libc-dev (6.12.74-2) ...
#8 35.23 Selecting previously unselected package libcrypt-dev:amd64.
#8 35.23 Preparing to unpack .../34-libcrypt-dev_1%3a4.4.38-1_amd64.deb ...
#8 35.23 Unpacking libcrypt-dev:amd64 (1:4.4.38-1) ...
#8 35.26 Selecting previously unselected package rpcsvc-proto.
#8 35.26 Preparing to unpack .../35-rpcsvc-proto_1.4.3-1_amd64.deb ...
#8 35.26 Unpacking rpcsvc-proto (1.4.3-1) ...
#8 35.29 Selecting previously unselected package libc6-dev:amd64.
#8 35.29 Preparing to unpack .../36-libc6-dev_2.41-12+deb13u2_amd64.deb ...
#8 35.29 Unpacking libc6-dev:amd64 (2.41-12+deb13u2) ...
#8 35.39 Selecting previously unselected package libstdc++-14-dev:amd64.
#8 35.39 Preparing to unpack .../37-libstdc++-14-dev_14.2.0-19_amd64.deb ...
#8 35.40 Unpacking libstdc++-14-dev:amd64 (14.2.0-19) ...
#8 35.57 Selecting previously unselected package g++-14-x86-64-linux-gnu.
#8 35.57 Preparing to unpack .../38-g++-14-x86-64-linux-gnu_14.2.0-19_amd64.deb ...
#8 35.58 Unpacking g++-14-x86-64-linux-gnu (14.2.0-19) ...
#8 35.97 Selecting previously unselected package g++-14.
#8 35.97 Preparing to unpack .../39-g++-14_14.2.0-19_amd64.deb ...
#8 35.97 Unpacking g++-14 (14.2.0-19) ...
#8 35.99 Selecting previously unselected package g++-x86-64-linux-gnu.
#8 35.99 Preparing to unpack .../40-g++-x86-64-linux-gnu_4%3a14.2.0-1_amd64.deb ...
#8 36.00 Unpacking g++-x86-64-linux-gnu (4:14.2.0-1) ...
#8 36.02 Selecting previously unselected package g++.
#8 36.02 Preparing to unpack .../41-g++_4%3a14.2.0-1_amd64.deb ...
#8 36.03 Unpacking g++ (4:14.2.0-1) ...
#8 36.06 Selecting previously unselected package libdrm-common.
#8 36.06 Preparing to unpack .../42-libdrm-common_2.4.124-2_all.deb ...
#8 36.06 Unpacking libdrm-common (2.4.124-2) ...
#8 36.08 Selecting previously unselected package libdrm2:amd64.
#8 36.08 Preparing to unpack .../43-libdrm2_2.4.124-2_amd64.deb ...
#8 36.09 Unpacking libdrm2:amd64 (2.4.124-2) ...
#8 36.12 Selecting previously unselected package libdrm-amdgpu1:amd64.
#8 36.12 Preparing to unpack .../44-libdrm-amdgpu1_2.4.124-2_amd64.deb ...
#8 36.13 Unpacking libdrm-amdgpu1:amd64 (2.4.124-2) ...
#8 36.16 Selecting previously unselected package libpciaccess0:amd64.
#8 36.16 Preparing to unpack .../45-libpciaccess0_0.17-3+b3_amd64.deb ...
#8 36.16 Unpacking libpciaccess0:amd64 (0.17-3+b3) ...
#8 36.19 Selecting previously unselected package libdrm-intel1:amd64.
#8 36.19 Preparing to unpack .../46-libdrm-intel1_2.4.124-2_amd64.deb ...
#8 36.20 Unpacking libdrm-intel1:amd64 (2.4.124-2) ...
#8 36.23 Selecting previously unselected package libedit2:amd64.
#8 36.23 Preparing to unpack .../47-libedit2_3.1-20250104-1_amd64.deb ...
#8 36.23 Unpacking libedit2:amd64 (3.1-20250104-1) ...
#8 36.26 Selecting previously unselected package libelf1t64:amd64.
#8 36.26 Preparing to unpack .../48-libelf1t64_0.192-4_amd64.deb ...
#8 36.27 Unpacking libelf1t64:amd64 (0.192-4) ...
#8 36.29 Selecting previously unselected package libwayland-server0:amd64.
#8 36.29 Preparing to unpack .../49-libwayland-server0_1.23.1-3_amd64.deb ...
#8 36.30 Unpacking libwayland-server0:amd64 (1.23.1-3) ...
#8 36.33 Selecting previously unselected package libxml2:amd64.
#8 36.33 Preparing to unpack .../50-libxml2_2.12.7+dfsg+really2.9.14-2.1+deb13u2_amd64.deb ...
#8 36.34 Unpacking libxml2:amd64 (2.12.7+dfsg+really2.9.14-2.1+deb13u2) ...
#8 36.39 Selecting previously unselected package libz3-4:amd64.
#8 36.39 Preparing to unpack .../51-libz3-4_4.13.3-1_amd64.deb ...
#8 36.40 Unpacking libz3-4:amd64 (4.13.3-1) ...
#8 36.83 Selecting previously unselected package libllvm19:amd64.
#8 36.83 Preparing to unpack .../52-libllvm19_1%3a19.1.7-3+b1_amd64.deb ...
#8 36.83 Unpacking libllvm19:amd64 (1:19.1.7-3+b1) ...
#8 37.63 Selecting previously unselected package libsensors-config.
#8 37.63 Preparing to unpack .../53-libsensors-config_1%3a3.6.2-2_all.deb ...
#8 37.64 Unpacking libsensors-config (1:3.6.2-2) ...
#8 37.67 Selecting previously unselected package libsensors5:amd64.
#8 37.67 Preparing to unpack .../54-libsensors5_1%3a3.6.2-2_amd64.deb ...
#8 37.68 Unpacking libsensors5:amd64 (1:3.6.2-2) ...
#8 37.71 Selecting previously unselected package libxau6:amd64.
#8 37.71 Preparing to unpack .../55-libxau6_1%3a1.0.11-1_amd64.deb ...
#8 37.72 Unpacking libxau6:amd64 (1:1.0.11-1) ...
#8 37.76 Selecting previously unselected package libxdmcp6:amd64.
#8 37.76 Preparing to unpack .../56-libxdmcp6_1%3a1.1.5-1_amd64.deb ...
#8 37.76 Unpacking libxdmcp6:amd64 (1:1.1.5-1) ...
#8 37.80 Selecting previously unselected package libxcb1:amd64.
#8 37.80 Preparing to unpack .../57-libxcb1_1.17.0-2+b1_amd64.deb ...
#8 37.80 Unpacking libxcb1:amd64 (1.17.0-2+b1) ...
#8 37.82 Selecting previously unselected package libx11-data.
#8 37.82 Preparing to unpack .../58-libx11-data_2%3a1.8.12-1_all.deb ...
#8 37.83 Unpacking libx11-data (2:1.8.12-1) ...
#8 37.89 Selecting previously unselected package libx11-6:amd64.
#8 37.89 Preparing to unpack .../59-libx11-6_2%3a1.8.12-1_amd64.deb ...
#8 37.90 Unpacking libx11-6:amd64 (2:1.8.12-1) ...
#8 37.94 Selecting previously unselected package libx11-xcb1:amd64.
#8 37.95 Preparing to unpack .../60-libx11-xcb1_2%3a1.8.12-1_amd64.deb ...
#8 37.95 Unpacking libx11-xcb1:amd64 (2:1.8.12-1) ...
#8 37.97 Selecting previously unselected package libxcb-dri3-0:amd64.
#8 37.98 Preparing to unpack .../61-libxcb-dri3-0_1.17.0-2+b1_amd64.deb ...
#8 37.98 Unpacking libxcb-dri3-0:amd64 (1.17.0-2+b1) ...
#8 38.00 Selecting previously unselected package libxcb-present0:amd64.
#8 38.00 Preparing to unpack .../62-libxcb-present0_1.17.0-2+b1_amd64.deb ...
#8 38.01 Unpacking libxcb-present0:amd64 (1.17.0-2+b1) ...
#8 38.04 Selecting previously unselected package libxcb-randr0:amd64.
#8 38.04 Preparing to unpack .../63-libxcb-randr0_1.17.0-2+b1_amd64.deb ...
#8 38.05 Unpacking libxcb-randr0:amd64 (1.17.0-2+b1) ...
#8 38.08 Selecting previously unselected package libxcb-sync1:amd64.
#8 38.08 Preparing to unpack .../64-libxcb-sync1_1.17.0-2+b1_amd64.deb ...
#8 38.08 Unpacking libxcb-sync1:amd64 (1.17.0-2+b1) ...
#8 38.10 Selecting previously unselected package libxcb-xfixes0:amd64.
#8 38.10 Preparing to unpack .../65-libxcb-xfixes0_1.17.0-2+b1_amd64.deb ...
#8 38.11 Unpacking libxcb-xfixes0:amd64 (1.17.0-2+b1) ...
#8 38.14 Selecting previously unselected package libxshmfence1:amd64.
#8 38.14 Preparing to unpack .../66-libxshmfence1_1.3.3-1_amd64.deb ...
#8 38.14 Unpacking libxshmfence1:amd64 (1.3.3-1) ...
#8 38.16 Selecting previously unselected package mesa-libgallium:amd64.
#8 38.16 Preparing to unpack .../67-mesa-libgallium_25.0.7-2_amd64.deb ...
#8 38.17 Unpacking mesa-libgallium:amd64 (25.0.7-2) ...
#8 38.49 Selecting previously unselected package libgbm1:amd64.
#8 38.49 Preparing to unpack .../68-libgbm1_25.0.7-2_amd64.deb ...
#8 38.50 Unpacking libgbm1:amd64 (25.0.7-2) ...
#8 38.52 Selecting previously unselected package libglvnd0:amd64.
#8 38.52 Preparing to unpack .../69-libglvnd0_1.7.0-1+b2_amd64.deb ...
#8 38.53 Unpacking libglvnd0:amd64 (1.7.0-1+b2) ...
#8 38.59 Selecting previously unselected package libxcb-glx0:amd64.
#8 38.59 Preparing to unpack .../70-libxcb-glx0_1.17.0-2+b1_amd64.deb ...
#8 38.59 Unpacking libxcb-glx0:amd64 (1.17.0-2+b1) ...
#8 38.63 Selecting previously unselected package libxcb-shm0:amd64.
#8 38.63 Preparing to unpack .../71-libxcb-shm0_1.17.0-2+b1_amd64.deb ...
#8 38.63 Unpacking libxcb-shm0:amd64 (1.17.0-2+b1) ...
#8 38.66 Selecting previously unselected package libxext6:amd64.
#8 38.66 Preparing to unpack .../72-libxext6_2%3a1.3.4-1+b3_amd64.deb ...
#8 38.66 Unpacking libxext6:amd64 (2:1.3.4-1+b3) ...
#8 38.69 Selecting previously unselected package libxxf86vm1:amd64.
#8 38.69 Preparing to unpack .../73-libxxf86vm1_1%3a1.1.4-1+b4_amd64.deb ...
#8 38.69 Unpacking libxxf86vm1:amd64 (1:1.1.4-1+b4) ...
#8 38.72 Selecting previously unselected package libvulkan1:amd64.
#8 38.72 Preparing to unpack .../74-libvulkan1_1.4.309.0-1_amd64.deb ...
#8 38.72 Unpacking libvulkan1:amd64 (1.4.309.0-1) ...
#8 38.75 Selecting previously unselected package libgl1-mesa-dri:amd64.
#8 38.75 Preparing to unpack .../75-libgl1-mesa-dri_25.0.7-2_amd64.deb ...
#8 38.77 Unpacking libgl1-mesa-dri:amd64 (25.0.7-2) ...
#8 38.81 Selecting previously unselected package libglx-mesa0:amd64.
#8 38.81 Preparing to unpack .../76-libglx-mesa0_25.0.7-2_amd64.deb ...
#8 38.81 Unpacking libglx-mesa0:amd64 (25.0.7-2) ...
#8 38.86 Selecting previously unselected package libglx0:amd64.
#8 38.86 Preparing to unpack .../77-libglx0_1.7.0-1+b2_amd64.deb ...
#8 38.86 Unpacking libglx0:amd64 (1.7.0-1+b2) ...
#8 38.89 Selecting previously unselected package libgl1:amd64.
#8 38.89 Preparing to unpack .../78-libgl1_1.7.0-1+b2_amd64.deb ...
#8 38.89 Unpacking libgl1:amd64 (1.7.0-1+b2) ...
#8 38.93 Selecting previously unselected package libglib2.0-0t64:amd64.
#8 38.93 Preparing to unpack .../79-libglib2.0-0t64_2.84.4-3~deb13u2_amd64.deb ...
#8 38.94 Unpacking libglib2.0-0t64:amd64 (2.84.4-3~deb13u2) ...
#8 39.03 Setting up libexpat1:amd64 (2.7.1-2) ...
#8 39.04 Setting up libwayland-server0:amd64 (1.23.1-3) ...
#8 39.05 Setting up libpciaccess0:amd64 (0.17-3+b3) ...
#8 39.05 Setting up libxau6:amd64 (1:1.0.11-1) ...
#8 39.06 Setting up libxdmcp6:amd64 (1:1.1.5-1) ...
#8 39.08 Setting up libxcb1:amd64 (1.17.0-2+b1) ...
#8 39.09 Setting up libxcb-xfixes0:amd64 (1.17.0-2+b1) ...
#8 39.10 Setting up libglvnd0:amd64 (1.7.0-1+b2) ...
#8 39.11 Setting up libxcb-glx0:amd64 (1.17.0-2+b1) ...
#8 39.11 Setting up libedit2:amd64 (3.1-20250104-1) ...
#8 39.12 Setting up binutils-common:amd64 (2.44-3) ...
#8 39.13 Setting up libsensors-config (1:3.6.2-2) ...
#8 39.14 Setting up linux-libc-dev (6.12.74-2) ...
#8 39.15 Setting up libctf-nobfd0:amd64 (2.44-3) ...
#8 39.16 Setting up libxcb-shm0:amd64 (1.17.0-2+b1) ...
#8 39.16 Setting up libgomp1:amd64 (14.2.0-19) ...
#8 39.17 Setting up libsframe1:amd64 (2.44-3) ...
#8 39.18 Setting up libelf1t64:amd64 (0.192-4) ...
#8 39.19 Setting up libjansson4:amd64 (2.14-2+b3) ...
#8 39.20 Setting up libxcb-present0:amd64 (1.17.0-2+b1) ...
#8 39.21 Setting up libz3-4:amd64 (4.13.3-1) ...
#8 39.22 Setting up rpcsvc-proto (1.4.3-1) ...
#8 39.22 Setting up libx11-data (2:1.8.12-1) ...
#8 39.23 Setting up libmpfr6:amd64 (4.2.2-1) ...
#8 39.23 Setting up libxcb-sync1:amd64 (1.17.0-2+b1) ...
#8 39.24 Setting up libquadmath0:amd64 (14.2.0-19) ...
#8 39.25 Setting up libmpc3:amd64 (1.3.1-1+b3) ...
#8 39.26 Setting up libatomic1:amd64 (14.2.0-19) ...
#8 39.27 Setting up libsensors5:amd64 (1:3.6.2-2) ...
#8 39.28 Setting up libvulkan1:amd64 (1.4.309.0-1) ...
#8 39.28 Setting up libubsan1:amd64 (14.2.0-19) ...
#8 39.29 Setting up libxshmfence1:amd64 (1.3.3-1) ...
#8 39.29 Setting up libhwasan0:amd64 (14.2.0-19) ...
#8 39.30 Setting up libcrypt-dev:amd64 (1:4.4.38-1) ...
#8 39.31 Setting up libxcb-randr0:amd64 (1.17.0-2+b1) ...
#8 39.32 Setting up libasan8:amd64 (14.2.0-19) ...
#8 39.32 Setting up libx11-6:amd64 (2:1.8.12-1) ...
#8 39.33 Setting up libtsan2:amd64 (14.2.0-19) ...
#8 39.34 Setting up libbinutils:amd64 (2.44-3) ...
#8 39.34 Setting up libisl23:amd64 (0.27-1) ...
#8 39.36 Setting up libc-dev-bin (2.41-12+deb13u2) ...
#8 39.37 Setting up libdrm-common (2.4.124-2) ...
#8 39.38 Setting up libxml2:amd64 (2.12.7+dfsg+really2.9.14-2.1+deb13u2) ...
#8 39.38 Setting up libcc1-0:amd64 (14.2.0-19) ...
#8 39.39 Setting up liblsan0:amd64 (14.2.0-19) ...
#8 39.40 Setting up libitm1:amd64 (14.2.0-19) ...
#8 39.40 Setting up libctf0:amd64 (2.44-3) ...
#8 39.41 Setting up libxcb-dri3-0:amd64 (1.17.0-2+b1) ...
#8 39.42 Setting up libllvm19:amd64 (1:19.1.7-3+b1) ...
#8 39.42 Setting up libx11-xcb1:amd64 (2:1.8.12-1) ...
#8 39.43 Setting up libxext6:amd64 (2:1.3.4-1+b3) ...
#8 39.44 Setting up libxxf86vm1:amd64 (1:1.1.4-1+b4) ...
#8 39.45 Setting up libglib2.0-0t64:amd64 (2.84.4-3~deb13u2) ...
#8 39.46 No schema files found: doing nothing.
#8 39.47 Setting up libgprofng0:amd64 (2.44-3) ...
#8 39.48 Setting up cpp-14-x86-64-linux-gnu (14.2.0-19) ...
#8 39.49 Setting up cpp-14 (14.2.0-19) ...
#8 39.49 Setting up libdrm2:amd64 (2.4.124-2) ...
#8 39.50 Setting up libc6-dev:amd64 (2.41-12+deb13u2) ...
#8 39.50 Setting up libgcc-14-dev:amd64 (14.2.0-19) ...
#8 39.51 Setting up libstdc++-14-dev:amd64 (14.2.0-19) ...
#8 39.52 Setting up binutils-x86-64-linux-gnu (2.44-3) ...
#8 39.52 Setting up libdrm-amdgpu1:amd64 (2.4.124-2) ...
#8 39.53 Setting up cpp-x86-64-linux-gnu (4:14.2.0-1) ...
#8 39.54 Setting up libdrm-intel1:amd64 (2.4.124-2) ...
#8 39.55 Setting up binutils (2.44-3) ...
#8 39.56 Setting up cpp (4:14.2.0-1) ...
#8 39.57 Setting up gcc-14-x86-64-linux-gnu (14.2.0-19) ...
#8 39.58 Setting up mesa-libgallium:amd64 (25.0.7-2) ...
#8 39.59 Setting up gcc-x86-64-linux-gnu (4:14.2.0-1) ...
#8 39.59 Setting up libgbm1:amd64 (25.0.7-2) ...
#8 39.60 Setting up libgl1-mesa-dri:amd64 (25.0.7-2) ...
#8 39.61 Setting up gcc-14 (14.2.0-19) ...
#8 39.61 Setting up g++-14-x86-64-linux-gnu (14.2.0-19) ...
#8 39.62 Setting up g++-x86-64-linux-gnu (4:14.2.0-1) ...
#8 39.63 Setting up g++-14 (14.2.0-19) ...
#8 39.64 Setting up libglx-mesa0:amd64 (25.0.7-2) ...
#8 39.65 Setting up libglx0:amd64 (1.7.0-1+b2) ...
#8 39.65 Setting up gcc (4:14.2.0-1) ...
#8 39.68 Setting up libgl1:amd64 (1.7.0-1+b2) ...
#8 39.69 Setting up g++ (4:14.2.0-1) ...
#8 39.69 update-alternatives: using /usr/bin/g++ to provide /usr/bin/c++ (c++) in auto mode
#8 39.70 Processing triggers for libc-bin (2.41-12+deb13u2) ...
#8 DONE 39.9s
#9 [4/6] COPY requirements.txt .
#9 DONE 0.0s
#10 [5/6] RUN pip install --no-cache-dir -r requirements.txt     && pip install --no-cache-dir         fastapi uvicorn[standard] psycopg2-binary         requests python-multipart         PyMuPDF python-docx         scikit-learn joblib numpy tldextract python-whois         beautifulsoup4 xgboost
#10 16.52 WARNING: Retrying (Retry(total=4, connect=None, read=None, redirect=None, status=None)) after connection broken by 'ReadTimeoutError("HTTPSConnectionPool(host='pypi.org', port=443): Read timed out. (read timeout=15)")': /simple/fastapi/
#10 16.98 Collecting fastapi==0.110.1 (from -r requirements.txt (line 1))
#10 17.98   Downloading fastapi-0.110.1-py3-none-any.whl.metadata (24 kB)
#10 18.11 Collecting Flask==3.0.2 (from -r requirements.txt (line 2))
#10 18.15   Downloading flask-3.0.2-py3-none-any.whl.metadata (3.6 kB)
#10 18.19 Collecting Flask_Cors==4.0.0 (from -r requirements.txt (line 3))
#10 18.23   Downloading Flask_Cors-4.0.0-py2.py3-none-any.whl.metadata (5.4 kB)
#10 18.28 Collecting joblib==1.3.2 (from -r requirements.txt (line 4))
#10 18.38   Downloading joblib-1.3.2-py3-none-any.whl.metadata (5.4 kB)
#10 19.29 Collecting matplotlib>=3.7.0 (from -r requirements.txt (line 5))
#10 19.39   Downloading matplotlib-3.10.8-cp311-cp311-manylinux2014_x86_64.manylinux_2_17_x86_64.whl.metadata (52 kB)
#10 19.45      풉칬칲풉칬칲풉칬칲풉칬칲풉칬칲풉칬칲풉칬칲풉칬칲풉칬칲풉칬칲풉칬칲풉칬칲풉칬칲풉칬칲풉칬칲풉칬칲풉칬칲풉칬칲풉칬칲풉칬칲풉칬칲풉칬칲풉칬칲풉칬칲풉칬칲풉칬칲풉칬칲풉칬칲풉칬칲풉칬칲풉칬칲풉칬칲풉칬칲풉칬칲풉칬칲풉칬칲풉칬칲풉칬칲풉칬칲풉칬칲 52.8/52.8 kB 1.1 MB/s eta 0:00:00
#10 19.50 Collecting nltk==3.8.1 (from -r requirements.txt (line 6))
#10 19.54   Downloading nltk-3.8.1-py3-none-any.whl.metadata (2.8 kB)
#10 20.04 Collecting numpy>=1.24.0 (from -r requirements.txt (line 7))
#10 20.20   Downloading numpy-2.4.3-cp311-cp311-manylinux_2_27_x86_64.manylinux_2_28_x86_64.whl.metadata (6.6 kB)
#10 20.40 Collecting pandas>=2.0.0 (from -r requirements.txt (line 8))
#10 20.49   Downloading pandas-3.0.1-cp311-cp311-manylinux_2_24_x86_64.manylinux_2_28_x86_64.whl.metadata (79 kB)
#10 20.60      풉칬칲풉칬칲풉칬칲풉칬칲풉칬칲풉칬칲풉칬칲풉칬칲풉칬칲풉칬칲풉칬칲풉칬칲풉칬칲풉칬칲풉칬칲풉칬칲풉칬칲풉칬칲풉칬칲풉칬칲풉칬칲풉칬칲풉칬칲풉칬칲풉칬칲풉칬칲풉칬칲풉칬칲풉칬칲풉칬칲풉칬칲풉칬칲풉칬칲풉칬칲풉칬칲풉칬칲풉칬칲풉칬칲풉칬칲 79.5/79.5 kB 637.6 kB/s eta 0:00:00
#10 21.04 Collecting plotly==5.20.0 (from -r requirements.txt (line 9))
#10 21.08   Downloading plotly-5.20.0-py3-none-any.whl.metadata (7.0 kB)
#10 21.26 Collecting pydantic==2.6.4 (from -r requirements.txt (line 10))
#10 21.32   Downloading pydantic-2.6.4-py3-none-any.whl.metadata (85 kB)
#10 21.34      풉칬칲풉칬칲풉칬칲풉칬칲풉칬칲풉칬칲풉칬칲풉칬칲풉칬칲풉칬칲풉칬칲풉칬칲풉칬칲풉칬칲풉칬칲풉칬칲풉칬칲풉칬칲풉칬칲풉칬칲풉칬칲풉칬칲풉칬칲풉칬칲풉칬칲풉칬칲풉칬칲풉칬칲풉칬칲풉칬칲풉칬칲풉칬칲풉칬칲풉칬칲풉칬칲풉칬칲풉칬칲풉칬칲풉칬칲풉칬칲 85.1/85.1 kB 4.0 MB/s eta 0:00:00
#10 21.39 Collecting python-dotenv==1.0.1 (from -r requirements.txt (line 11))
#10 21.47   Downloading python_dotenv-1.0.1-py3-none-any.whl.metadata (23 kB)
#10 21.67 Collecting Requests==2.31.0 (from -r requirements.txt (line 12))
#10 21.83   Downloading requests-2.31.0-py3-none-any.whl.metadata (4.6 kB)
#10 21.99 Collecting scikit_learn==1.4.1.post1 (from -r requirements.txt (line 13))
#10 22.10   Downloading scikit_learn-1.4.1.post1-cp311-cp311-manylinux_2_17_x86_64.manylinux2014_x86_64.whl.metadata (11 kB)
#10 22.22 Collecting seaborn>=0.13.0 (from -r requirements.txt (line 14))
#10 22.25   Downloading seaborn-0.13.2-py3-none-any.whl.metadata (5.4 kB)
#10 22.35 Collecting tqdm==4.66.2 (from -r requirements.txt (line 15))
#10 22.57   Downloading tqdm-4.66.2-py3-none-any.whl.metadata (57 kB)
#10 22.58      풉칬칲풉칬칲풉칬칲풉칬칲풉칬칲풉칬칲풉칬칲풉칬칲풉칬칲풉칬칲풉칬칲풉칬칲풉칬칲풉칬칲풉칬칲풉칬칲풉칬칲풉칬칲풉칬칲풉칬칲풉칬칲풉칬칲풉칬칲풉칬칲풉칬칲풉칬칲풉칬칲풉칬칲풉칬칲풉칬칲풉칬칲풉칬칲풉칬칲풉칬칲풉칬칲풉칬칲풉칬칲풉칬칲풉칬칲풉칬칲 57.6/57.6 kB 13.9 MB/s eta 0:00:00
#10 22.92 Collecting yagmail==0.15.293 (from -r requirements.txt (line 16))
#10 22.95   Downloading yagmail-0.15.293-py2.py3-none-any.whl.metadata (2.9 kB)
#10 23.03 Collecting xgboost>=2.0.0 (from -r requirements.txt (line 19))
#10 23.15   Downloading xgboost-3.2.0-py3-none-manylinux_2_28_x86_64.whl.metadata (2.1 kB)
#10 23.56 Collecting tldextract>=3.6.0 (from -r requirements.txt (line 20))
#10 23.61   Downloading tldextract-5.3.1-py3-none-any.whl.metadata (7.3 kB)
#10 23.85 Collecting python-whois>=0.9.4 (from -r requirements.txt (line 21))
#10 24.03   Downloading python_whois-0.9.6-py3-none-any.whl.metadata (3.0 kB)
#10 24.13 Collecting beautifulsoup4>=4.12.0 (from -r requirements.txt (line 22))
#10 24.18   Downloading beautifulsoup4-4.14.3-py3-none-any.whl.metadata (3.8 kB)
#10 24.48 Collecting starlette<0.38.0,>=0.37.2 (from fastapi==0.110.1->-r requirements.txt (line 1))
#10 24.54   Downloading starlette-0.37.2-py3-none-any.whl.metadata (5.9 kB)
#10 24.60 Collecting typing-extensions>=4.8.0 (from fastapi==0.110.1->-r requirements.txt (line 1))
#10 24.63   Downloading typing_extensions-4.15.0-py3-none-any.whl.metadata (3.3 kB)
#10 25.00 Collecting Werkzeug>=3.0.0 (from Flask==3.0.2->-r requirements.txt (line 2))
#10 25.17   Downloading werkzeug-3.1.7-py3-none-any.whl.metadata (4.0 kB)
#10 25.43 Collecting Jinja2>=3.1.2 (from Flask==3.0.2->-r requirements.txt (line 2))
#10 25.53   Downloading jinja2-3.1.6-py3-none-any.whl.metadata (2.9 kB)
#10 25.79 Collecting itsdangerous>=2.1.2 (from Flask==3.0.2->-r requirements.txt (line 2))
#10 25.82   Downloading itsdangerous-2.2.0-py3-none-any.whl.metadata (1.9 kB)
#10 25.88 Collecting click>=8.1.3 (from Flask==3.0.2->-r requirements.txt (line 2))
#10 25.93   Downloading click-8.3.1-py3-none-any.whl.metadata (2.6 kB)
#10 26.26 Collecting blinker>=1.6.2 (from Flask==3.0.2->-r requirements.txt (line 2))
#10 26.33   Downloading blinker-1.9.0-py3-none-any.whl.metadata (1.6 kB)
#10 26.96 Collecting regex>=2021.8.3 (from nltk==3.8.1->-r requirements.txt (line 6))
#10 26.99   Downloading regex-2026.2.28-cp311-cp311-manylinux2014_x86_64.manylinux_2_17_x86_64.manylinux_2_28_x86_64.whl.metadata (40 kB)
#10 27.03      풉칬칲풉칬칲풉칬칲풉칬칲풉칬칲풉칬칲풉칬칲풉칬칲풉칬칲풉칬칲풉칬칲풉칬칲풉칬칲풉칬칲풉칬칲풉칬칲풉칬칲풉칬칲풉칬칲풉칬칲풉칬칲풉칬칲풉칬칲풉칬칲풉칬칲풉칬칲풉칬칲풉칬칲풉칬칲풉칬칲풉칬칲풉칬칲풉칬칲풉칬칲풉칬칲풉칬칲풉칬칲풉칬칲풉칬칲 40.4/40.4 kB 855.1 kB/s eta 0:00:00
#10 27.12 Collecting tenacity>=6.2.0 (from plotly==5.20.0->-r requirements.txt (line 9))
#10 27.44   Downloading tenacity-9.1.4-py3-none-any.whl.metadata (1.2 kB)
#10 27.50 Collecting packaging (from plotly==5.20.0->-r requirements.txt (line 9))
#10 27.53   Downloading packaging-26.0-py3-none-any.whl.metadata (3.3 kB)
#10 27.73 Collecting annotated-types>=0.4.0 (from pydantic==2.6.4->-r requirements.txt (line 10))
#10 27.88   Downloading annotated_types-0.7.0-py3-none-any.whl.metadata (15 kB)
#10 29.14 Collecting pydantic-core==2.16.3 (from pydantic==2.6.4->-r requirements.txt (line 10))
#10 29.29   Downloading pydantic_core-2.16.3-cp311-cp311-manylinux_2_17_x86_64.manylinux2014_x86_64.whl.metadata (6.5 kB)
#10 29.52 Collecting charset-normalizer<4,>=2 (from Requests==2.31.0->-r requirements.txt (line 12))
#10 29.58   Downloading charset_normalizer-3.4.6-cp311-cp311-manylinux2014_x86_64.manylinux_2_17_x86_64.manylinux_2_28_x86_64.whl.metadata (40 kB)
#10 29.59      풉칬칲풉칬칲풉칬칲풉칬칲풉칬칲풉칬칲풉칬칲풉칬칲풉칬칲풉칬칲풉칬칲풉칬칲풉칬칲풉칬칲풉칬칲풉칬칲풉칬칲풉칬칲풉칬칲풉칬칲풉칬칲풉칬칲풉칬칲풉칬칲풉칬칲풉칬칲풉칬칲풉칬칲풉칬칲풉칬칲풉칬칲풉칬칲풉칬칲풉칬칲풉칬칲풉칬칲풉칬칲풉칬칲풉칬칲풉칬칲 40.6/40.6 kB 10.1 MB/s eta 0:00:00
#10 29.64 Collecting idna<4,>=2.5 (from Requests==2.31.0->-r requirements.txt (line 12))
#10 29.67   Downloading idna-3.11-py3-none-any.whl.metadata (8.4 kB)
#10 29.93 Collecting urllib3<3,>=1.21.1 (from Requests==2.31.0->-r requirements.txt (line 12))
#10 29.96   Downloading urllib3-2.6.3-py3-none-any.whl.metadata (6.9 kB)
#10 30.01 Collecting certifi>=2017.4.17 (from Requests==2.31.0->-r requirements.txt (line 12))
#10 30.18   Downloading certifi-2026.2.25-py3-none-any.whl.metadata (2.5 kB)
#10 30.21 Collecting numpy>=1.24.0 (from -r requirements.txt (line 7))
#10 30.27   Downloading numpy-1.26.4-cp311-cp311-manylinux_2_17_x86_64.manylinux2014_x86_64.whl.metadata (61 kB)
#10 30.28      풉칬칲풉칬칲풉칬칲풉칬칲풉칬칲풉칬칲풉칬칲풉칬칲풉칬칲풉칬칲풉칬칲풉칬칲풉칬칲풉칬칲풉칬칲풉칬칲풉칬칲풉칬칲풉칬칲풉칬칲풉칬칲풉칬칲풉칬칲풉칬칲풉칬칲풉칬칲풉칬칲풉칬칲풉칬칲풉칬칲풉칬칲풉칬칲풉칬칲풉칬칲풉칬칲풉칬칲풉칬칲풉칬칲풉칬칲풉칬칲 61.0/61.0 kB 9.2 MB/s eta 0:00:00
#10 30.66 Collecting scipy>=1.6.0 (from scikit_learn==1.4.1.post1->-r requirements.txt (line 13))
#10 30.69   Downloading scipy-1.17.1-cp311-cp311-manylinux_2_27_x86_64.manylinux_2_28_x86_64.whl.metadata (62 kB)
#10 30.70      풉칬칲풉칬칲풉칬칲풉칬칲풉칬칲풉칬칲풉칬칲풉칬칲풉칬칲풉칬칲풉칬칲풉칬칲풉칬칲풉칬칲풉칬칲풉칬칲풉칬칲풉칬칲풉칬칲풉칬칲풉칬칲풉칬칲풉칬칲풉칬칲풉칬칲풉칬칲풉칬칲풉칬칲풉칬칲풉칬칲풉칬칲풉칬칲풉칬칲풉칬칲풉칬칲풉칬칲풉칬칲풉칬칲풉칬칲풉칬칲 62.1/62.1 kB 5.0 MB/s eta 0:00:00
#10 31.07 Collecting threadpoolctl>=2.0.0 (from scikit_learn==1.4.1.post1->-r requirements.txt (line 13))
#10 31.11   Downloading threadpoolctl-3.6.0-py3-none-any.whl.metadata (13 kB)
#10 31.18 Collecting premailer (from yagmail==0.15.293->-r requirements.txt (line 16))
#10 31.34   Downloading premailer-3.10.0-py2.py3-none-any.whl.metadata (15 kB)
#10 31.45 Collecting contourpy>=1.0.1 (from matplotlib>=3.7.0->-r requirements.txt (line 5))
#10 31.49   Downloading contourpy-1.3.3-cp311-cp311-manylinux_2_27_x86_64.manylinux_2_28_x86_64.whl.metadata (5.5 kB)
#10 31.98 Collecting cycler>=0.10 (from matplotlib>=3.7.0->-r requirements.txt (line 5))
#10 32.07   Downloading cycler-0.12.1-py3-none-any.whl.metadata (3.8 kB)
#10 32.38 Collecting fonttools>=4.22.0 (from matplotlib>=3.7.0->-r requirements.txt (line 5))
#10 32.46   Downloading fonttools-4.62.1-cp311-cp311-manylinux2014_x86_64.manylinux_2_17_x86_64.whl.metadata (117 kB)
#10 32.47      풉칬칲풉칬칲풉칬칲풉칬칲풉칬칲풉칬칲풉칬칲풉칬칲풉칬칲풉칬칲풉칬칲풉칬칲풉칬칲풉칬칲풉칬칲풉칬칲풉칬칲풉칬칲풉칬칲풉칬칲풉칬칲풉칬칲풉칬칲풉칬칲풉칬칲풉칬칲풉칬칲풉칬칲풉칬칲풉칬칲풉칬칲풉칬칲풉칬칲풉칬칲풉칬칲풉칬칲풉칬칲풉칬칲 117.5/117.5 kB 15.2 MB/s eta 0:00:00
#10 32.79 Collecting kiwisolver>=1.3.1 (from matplotlib>=3.7.0->-r requirements.txt (line 5))
#10 33.65   Downloading kiwisolver-1.5.0-cp311-cp311-manylinux2014_x86_64.manylinux_2_17_x86_64.whl.metadata (5.1 kB)
#10 33.91 Collecting pillow>=8 (from matplotlib>=3.7.0->-r requirements.txt (line 5))
#10 34.06   Downloading pillow-12.1.1-cp311-cp311-manylinux_2_27_x86_64.manylinux_2_28_x86_64.whl.metadata (8.8 kB)
#10 34.14 Collecting pyparsing>=3 (from matplotlib>=3.7.0->-r requirements.txt (line 5))
#10 34.18   Downloading pyparsing-3.3.2-py3-none-any.whl.metadata (5.8 kB)
#10 34.27 Collecting python-dateutil>=2.7 (from matplotlib>=3.7.0->-r requirements.txt (line 5))
#10 34.30   Downloading python_dateutil-2.9.0.post0-py2.py3-none-any.whl.metadata (8.4 kB)
#10 34.73 Collecting nvidia-nccl-cu12 (from xgboost>=2.0.0->-r requirements.txt (line 19))
#10 34.86   Downloading nvidia_nccl_cu12-2.29.7-py3-none-manylinux_2_18_x86_64.whl.metadata (2.1 kB)
#10 35.22 Collecting requests-file>=1.4 (from tldextract>=3.6.0->-r requirements.txt (line 20))
#10 35.27   Downloading requests_file-3.0.1-py2.py3-none-any.whl.metadata (1.7 kB)
#10 35.32 Collecting filelock>=3.0.8 (from tldextract>=3.6.0->-r requirements.txt (line 20))
#10 35.52   Downloading filelock-3.25.2-py3-none-any.whl.metadata (2.0 kB)
#10 35.58 Collecting soupsieve>=1.6.1 (from beautifulsoup4>=4.12.0->-r requirements.txt (line 22))
#10 35.65   Downloading soupsieve-2.8.3-py3-none-any.whl.metadata (4.6 kB)
#10 36.25 Collecting MarkupSafe>=2.0 (from Jinja2>=3.1.2->Flask==3.0.2->-r requirements.txt (line 2))
#10 36.34   Downloading markupsafe-3.0.3-cp311-cp311-manylinux2014_x86_64.manylinux_2_17_x86_64.manylinux_2_28_x86_64.whl.metadata (2.7 kB)
#10 36.72 Collecting six>=1.5 (from python-dateutil>=2.7->matplotlib>=3.7.0->-r requirements.txt (line 5))
#10 36.77   Downloading six-1.17.0-py2.py3-none-any.whl.metadata (1.7 kB)
#10 37.00 Collecting anyio<5,>=3.4.0 (from starlette<0.38.0,>=0.37.2->fastapi==0.110.1->-r requirements.txt (line 1))
#10 37.04   Downloading anyio-4.13.0-py3-none-any.whl.metadata (4.5 kB)
#10 37.65 Collecting lxml (from premailer->yagmail==0.15.293->-r requirements.txt (line 16))
#10 37.70   Downloading lxml-6.0.2-cp311-cp311-manylinux_2_26_x86_64.manylinux_2_28_x86_64.whl.metadata (3.6 kB)
#10 37.99 Collecting cssselect (from premailer->yagmail==0.15.293->-r requirements.txt (line 16))
#10 38.05   Downloading cssselect-1.4.0-py3-none-any.whl.metadata (2.4 kB)
#10 39.11 Collecting cssutils (from premailer->yagmail==0.15.293->-r requirements.txt (line 16))
#10 39.20   Downloading cssutils-2.11.1-py3-none-any.whl.metadata (8.7 kB)
#10 39.55 Collecting cachetools (from premailer->yagmail==0.15.293->-r requirements.txt (line 16))
#10 39.60   Downloading cachetools-7.0.5-py3-none-any.whl.metadata (5.6 kB)
#10 40.20 Collecting more-itertools (from cssutils->premailer->yagmail==0.15.293->-r requirements.txt (line 16))
#10 40.31   Downloading more_itertools-10.8.0-py3-none-any.whl.metadata (39 kB)
#10 41.06 Downloading fastapi-0.110.1-py3-none-any.whl (91 kB)
#10 41.07    풉칬칲풉칬칲풉칬칲풉칬칲풉칬칲풉칬칲풉칬칲풉칬칲풉칬칲풉칬칲풉칬칲풉칬칲풉칬칲풉칬칲풉칬칲풉칬칲풉칬칲풉칬칲풉칬칲풉칬칲풉칬칲풉칬칲풉칬칲풉칬칲풉칬칲풉칬칲풉칬칲풉칬칲풉칬칲풉칬칲풉칬칲풉칬칲풉칬칲풉칬칲풉칬칲풉칬칲풉칬칲풉칬칲풉칬칲풉칬칲 91.9/91.9 kB 9.0 MB/s eta 0:00:00
#10 41.13 Downloading flask-3.0.2-py3-none-any.whl (101 kB)
#10 41.16    풉칬칲풉칬칲풉칬칲풉칬칲풉칬칲풉칬칲풉칬칲풉칬칲풉칬칲풉칬칲풉칬칲풉칬칲풉칬칲풉칬칲풉칬칲풉칬칲풉칬칲풉칬칲풉칬칲풉칬칲풉칬칲풉칬칲풉칬칲풉칬칲풉칬칲풉칬칲풉칬칲풉칬칲풉칬칲풉칬칲풉칬칲풉칬칲풉칬칲풉칬칲풉칬칲풉칬칲풉칬칲풉칬칲풉칬칲풉칬칲 101.3/101.3 kB 5.1 MB/s eta 0:00:00
#10 41.27 Downloading Flask_Cors-4.0.0-py2.py3-none-any.whl (14 kB)
#10 41.32 Downloading joblib-1.3.2-py3-none-any.whl (302 kB)
#10 41.44    풉칬칲풉칬칲풉칬칲풉칬칲풉칬칲풉칬칲풉칬칲풉칬칲풉칬칲풉칬칲풉칬칲풉칬칲풉칬칲풉칬칲풉칬칲풉칬칲풉칬칲풉칬칲풉칬칲풉칬칲풉칬칲풉칬칲풉칬칲풉칬칲풉칬칲풉칬칲풉칬칲풉칬칲풉칬칲풉칬칲풉칬칲풉칬칲풉칬칲풉칬칲풉칬칲풉칬칲풉칬칲풉칬칲풉칬칲풉칬칲 302.2/302.2 kB 2.4 MB/s eta 0:00:00
#10 41.48 Downloading nltk-3.8.1-py3-none-any.whl (1.5 MB)
#10 42.56    풉칬칲풉칬칲풉칬칲풉칬칲풉칬칲풉칬칲풉칬칲풉칬칲풉칬칲풉칬칲풉칬칲풉칬칲풉칬칲풉칬칲풉칬칲풉칬칲풉칬칲풉칬칲풉칬칲풉칬칲풉칬칲풉칬칲풉칬칲풉칬칲풉칬칲풉칬칲풉칬칲풉칬칲풉칬칲풉칬칲풉칬칲풉칬칲풉칬칲풉칬칲풉칬칲풉칬칲풉칬칲풉칬칲풉칬칲풉칬칲 1.5/1.5 MB 1.4 MB/s eta 0:00:00
#10 42.63 Downloading plotly-5.20.0-py3-none-any.whl (15.7 MB)
#10 48.14    풉칬칲풉칬칲풉칬칲풉칬칲풉칬칲풉칬칲풉칬칲풉칬칲풉칬칲풉칬칲풉칬칲풉칬칲풉칬칲풉칬칲풉칬칲풉칬칲풉칬칲풉칬칲풉칬칲풉칬칲풉칬칲풉칬칲풉칬칲풉칬칲풉칬칲풉칬칲풉칬칲풉칬칲풉칬칲풉칬칲풉칬칲풉칬칲풉칬칲풉칬칲풉칬칲풉칬칲풉칬칲풉칬칲풉칬칲풉칬칲 15.7/15.7 MB 3.8 MB/s eta 0:00:00
#10 48.38 Downloading pydantic-2.6.4-py3-none-any.whl (394 kB)
#10 48.47    풉칬칲풉칬칲풉칬칲풉칬칲풉칬칲풉칬칲풉칬칲풉칬칲풉칬칲풉칬칲풉칬칲풉칬칲풉칬칲풉칬칲풉칬칲풉칬칲풉칬칲풉칬칲풉칬칲풉칬칲풉칬칲풉칬칲풉칬칲풉칬칲풉칬칲풉칬칲풉칬칲풉칬칲풉칬칲풉칬칲풉칬칲풉칬칲풉칬칲풉칬칲풉칬칲풉칬칲풉칬칲풉칬칲풉칬칲풉칬칲 394.9/394.9 kB 4.3 MB/s eta 0:00:00
#10 48.52 Downloading python_dotenv-1.0.1-py3-none-any.whl (19 kB)
#10 48.56 Downloading requests-2.31.0-py3-none-any.whl (62 kB)
#10 48.58    풉칬칲풉칬칲풉칬칲풉칬칲풉칬칲풉칬칲풉칬칲풉칬칲풉칬칲풉칬칲풉칬칲풉칬칲풉칬칲풉칬칲풉칬칲풉칬칲풉칬칲풉칬칲풉칬칲풉칬칲풉칬칲풉칬칲풉칬칲풉칬칲풉칬칲풉칬칲풉칬칲풉칬칲풉칬칲풉칬칲풉칬칲풉칬칲풉칬칲풉칬칲풉칬칲풉칬칲풉칬칲풉칬칲풉칬칲풉칬칲 62.6/62.6 kB 9.3 MB/s eta 0:00:00
#10 48.64 Downloading scikit_learn-1.4.1.post1-cp311-cp311-manylinux_2_17_x86_64.manylinux2014_x86_64.whl (12.1 MB)
#10 51.02    풉칬칲풉칬칲풉칬칲풉칬칲풉칬칲풉칬칲풉칬칲풉칬칲풉칬칲풉칬칲풉칬칲풉칬칲풉칬칲풉칬칲풉칬칲풉칬칲풉칬칲풉칬칲풉칬칲풉칬칲풉칬칲풉칬칲풉칬칲풉칬칲풉칬칲풉칬칲풉칬칲풉칬칲풉칬칲풉칬칲풉칬칲풉칬칲풉칬칲풉칬칲풉칬칲풉칬칲풉칬칲풉칬칲풉칬칲풉칬칲 12.1/12.1 MB 4.9 MB/s eta 0:00:00
#10 51.06 Downloading tqdm-4.66.2-py3-none-any.whl (78 kB)
#10 51.08    풉칬칲풉칬칲풉칬칲풉칬칲풉칬칲풉칬칲풉칬칲풉칬칲풉칬칲풉칬칲풉칬칲풉칬칲풉칬칲풉칬칲풉칬칲풉칬칲풉칬칲풉칬칲풉칬칲풉칬칲풉칬칲풉칬칲풉칬칲풉칬칲풉칬칲풉칬칲풉칬칲풉칬칲풉칬칲풉칬칲풉칬칲풉칬칲풉칬칲풉칬칲풉칬칲풉칬칲풉칬칲풉칬칲풉칬칲풉칬칲 78.3/78.3 kB 6.3 MB/s eta 0:00:00
#10 51.12 Downloading yagmail-0.15.293-py2.py3-none-any.whl (17 kB)
#10 51.16 Downloading pydantic_core-2.16.3-cp311-cp311-manylinux_2_17_x86_64.manylinux2014_x86_64.whl (2.2 MB)
#10 51.80    풉칬칲풉칬칲풉칬칲풉칬칲풉칬칲풉칬칲풉칬칲풉칬칲풉칬칲풉칬칲풉칬칲풉칬칲풉칬칲풉칬칲풉칬칲풉칬칲풉칬칲풉칬칲풉칬칲풉칬칲풉칬칲풉칬칲풉칬칲풉칬칲풉칬칲풉칬칲풉칬칲풉칬칲풉칬칲풉칬칲풉칬칲풉칬칲풉칬칲풉칬칲풉칬칲풉칬칲풉칬칲풉칬칲풉칬칲풉칬칲 2.2/2.2 MB 3.4 MB/s eta 0:00:00
#10 51.97 Downloading matplotlib-3.10.8-cp311-cp311-manylinux2014_x86_64.manylinux_2_17_x86_64.whl (8.7 MB)
#10 53.72    풉칬칲풉칬칲풉칬칲풉칬칲풉칬칲풉칬칲풉칬칲풉칬칲풉칬칲풉칬칲풉칬칲풉칬칲풉칬칲풉칬칲풉칬칲풉칬칲풉칬칲풉칬칲풉칬칲풉칬칲풉칬칲풉칬칲풉칬칲풉칬칲풉칬칲풉칬칲풉칬칲풉칬칲풉칬칲풉칬칲풉칬칲풉칬칲풉칬칲풉칬칲풉칬칲풉칬칲풉칬칲풉칬칲풉칬칲풉칬칲 8.7/8.7 MB 5.0 MB/s eta 0:00:00
#10 53.96 Downloading numpy-1.26.4-cp311-cp311-manylinux_2_17_x86_64.manylinux2014_x86_64.whl (18.3 MB)
#10 57.44    풉칬칲풉칬칲풉칬칲풉칬칲풉칬칲풉칬칲풉칬칲풉칬칲풉칬칲풉칬칲풉칬칲풉칬칲풉칬칲풉칬칲풉칬칲풉칬칲풉칬칲풉칬칲풉칬칲풉칬칲풉칬칲풉칬칲풉칬칲풉칬칲풉칬칲풉칬칲풉칬칲풉칬칲풉칬칲풉칬칲풉칬칲풉칬칲풉칬칲풉칬칲풉칬칲풉칬칲풉칬칲풉칬칲풉칬칲풉칬칲 18.3/18.3 MB 5.3 MB/s eta 0:00:00
#10 57.47 Downloading pandas-3.0.1-cp311-cp311-manylinux_2_24_x86_64.manylinux_2_28_x86_64.whl (11.3 MB)
#10 59.49    풉칬칲풉칬칲풉칬칲풉칬칲풉칬칲풉칬칲풉칬칲풉칬칲풉칬칲풉칬칲풉칬칲풉칬칲풉칬칲풉칬칲풉칬칲풉칬칲풉칬칲풉칬칲풉칬칲풉칬칲풉칬칲풉칬칲풉칬칲풉칬칲풉칬칲풉칬칲풉칬칲풉칬칲풉칬칲풉칬칲풉칬칲풉칬칲풉칬칲풉칬칲풉칬칲풉칬칲풉칬칲풉칬칲풉칬칲풉칬칲 11.3/11.3 MB 5.6 MB/s eta 0:00:00
#10 59.53 Downloading seaborn-0.13.2-py3-none-any.whl (294 kB)
#10 59.57    풉칬칲풉칬칲풉칬칲풉칬칲풉칬칲풉칬칲풉칬칲풉칬칲풉칬칲풉칬칲풉칬칲풉칬칲풉칬칲풉칬칲풉칬칲풉칬칲풉칬칲풉칬칲풉칬칲풉칬칲풉칬칲풉칬칲풉칬칲풉칬칲풉칬칲풉칬칲풉칬칲풉칬칲풉칬칲풉칬칲풉칬칲풉칬칲풉칬칲풉칬칲풉칬칲풉칬칲풉칬칲풉칬칲풉칬칲풉칬칲 294.9/294.9 kB 8.7 MB/s eta 0:00:00
#10 59.77 Downloading xgboost-3.2.0-py3-none-manylinux_2_28_x86_64.whl (131.7 MB)
#10 86.45    풉칬칲풉칬칲풉칬칲풉칬칲풉칬칲풉칬칲풉칬칲풉칬칲풉칬칲풉칬칲풉칬칲풉칬칲풉칬칲풉칬칲풉칬칲풉칬칲풉칬칲풉칬칲풉칬칲풉칬칲풉칬칲풉칬칲풉칬칲풉칬칲풉칬칲풉칬칲풉칬칲풉칬칲풉칬칲풉칬칲풉칬칲풉칬칲풉칬칲풉칬칲풉칬칲풉칬칲풉칬칲풉칬칲풉칬칲풉칬칲 131.7/131.7 MB 5.5 MB/s eta 0:00:00
#10 86.57 Downloading tldextract-5.3.1-py3-none-any.whl (105 kB)
#10 86.59    풉칬칲풉칬칲풉칬칲풉칬칲풉칬칲풉칬칲풉칬칲풉칬칲풉칬칲풉칬칲풉칬칲풉칬칲풉칬칲풉칬칲풉칬칲풉칬칲풉칬칲풉칬칲풉칬칲풉칬칲풉칬칲풉칬칲풉칬칲풉칬칲풉칬칲풉칬칲풉칬칲풉칬칲풉칬칲풉칬칲풉칬칲풉칬칲풉칬칲풉칬칲풉칬칲풉칬칲풉칬칲풉칬칲풉칬칲풉칬칲 105.9/105.9 kB 7.2 MB/s eta 0:00:00
#10 86.70 Downloading python_whois-0.9.6-py3-none-any.whl (116 kB)
#10 86.73    풉칬칲풉칬칲풉칬칲풉칬칲풉칬칲풉칬칲풉칬칲풉칬칲풉칬칲풉칬칲풉칬칲풉칬칲풉칬칲풉칬칲풉칬칲풉칬칲풉칬칲풉칬칲풉칬칲풉칬칲풉칬칲풉칬칲풉칬칲풉칬칲풉칬칲풉칬칲풉칬칲풉칬칲풉칬칲풉칬칲풉칬칲풉칬칲풉칬칲풉칬칲풉칬칲풉칬칲풉칬칲풉칬칲풉칬칲풉칬칲 117.0/117.0 kB 3.5 MB/s eta 0:00:00
#10 86.82 Downloading beautifulsoup4-4.14.3-py3-none-any.whl (107 kB)
#10 86.93    풉칬칲풉칬칲풉칬칲풉칬칲풉칬칲풉칬칲풉칬칲풉칬칲풉칬칲풉칬칲풉칬칲풉칬칲풉칬칲풉칬칲풉칬칲풉칬칲풉칬칲풉칬칲풉칬칲풉칬칲풉칬칲풉칬칲풉칬칲풉칬칲풉칬칲풉칬칲풉칬칲풉칬칲풉칬칲풉칬칲풉칬칲풉칬칲풉칬칲풉칬칲풉칬칲풉칬칲풉칬칲풉칬칲풉칬칲풉칬칲 107.7/107.7 kB 1.1 MB/s eta 0:00:00
#10 87.03 Downloading annotated_types-0.7.0-py3-none-any.whl (13 kB)
#10 87.18 Downloading blinker-1.9.0-py3-none-any.whl (8.5 kB)
#10 87.27 Downloading certifi-2026.2.25-py3-none-any.whl (153 kB)
#10 87.30    풉칬칲풉칬칲풉칬칲풉칬칲풉칬칲풉칬칲풉칬칲풉칬칲풉칬칲풉칬칲풉칬칲풉칬칲풉칬칲풉칬칲풉칬칲풉칬칲풉칬칲풉칬칲풉칬칲풉칬칲풉칬칲풉칬칲풉칬칲풉칬칲풉칬칲풉칬칲풉칬칲풉칬칲풉칬칲풉칬칲풉칬칲풉칬칲풉칬칲풉칬칲풉칬칲풉칬칲풉칬칲풉칬칲풉칬칲풉칬칲 153.7/153.7 kB 4.7 MB/s eta 0:00:00
#10 87.36 Downloading charset_normalizer-3.4.6-cp311-cp311-manylinux2014_x86_64.manylinux_2_17_x86_64.manylinux_2_28_x86_64.whl (204 kB)
#10 87.39    풉칬칲풉칬칲풉칬칲풉칬칲풉칬칲풉칬칲풉칬칲풉칬칲풉칬칲풉칬칲풉칬칲풉칬칲풉칬칲풉칬칲풉칬칲풉칬칲풉칬칲풉칬칲풉칬칲풉칬칲풉칬칲풉칬칲풉칬칲풉칬칲풉칬칲풉칬칲풉칬칲풉칬칲풉칬칲풉칬칲풉칬칲풉칬칲풉칬칲풉칬칲풉칬칲풉칬칲풉칬칲풉칬칲풉칬칲풉칬칲 204.7/204.7 kB 8.3 MB/s eta 0:00:00
#10 87.42 Downloading click-8.3.1-py3-none-any.whl (108 kB)
#10 87.43    풉칬칲풉칬칲풉칬칲풉칬칲풉칬칲풉칬칲풉칬칲풉칬칲풉칬칲풉칬칲풉칬칲풉칬칲풉칬칲풉칬칲풉칬칲풉칬칲풉칬칲풉칬칲풉칬칲풉칬칲풉칬칲풉칬칲풉칬칲풉칬칲풉칬칲풉칬칲풉칬칲풉칬칲풉칬칲풉칬칲풉칬칲풉칬칲풉칬칲풉칬칲풉칬칲풉칬칲풉칬칲풉칬칲풉칬칲풉칬칲 108.3/108.3 kB 12.9 MB/s eta 0:00:00
#10 87.51 Downloading contourpy-1.3.3-cp311-cp311-manylinux_2_27_x86_64.manylinux_2_28_x86_64.whl (355 kB)
#10 87.55    풉칬칲풉칬칲풉칬칲풉칬칲풉칬칲풉칬칲풉칬칲풉칬칲풉칬칲풉칬칲풉칬칲풉칬칲풉칬칲풉칬칲풉칬칲풉칬칲풉칬칲풉칬칲풉칬칲풉칬칲풉칬칲풉칬칲풉칬칲풉칬칲풉칬칲풉칬칲풉칬칲풉칬칲풉칬칲풉칬칲풉칬칲풉칬칲풉칬칲풉칬칲풉칬칲풉칬칲풉칬칲풉칬칲풉칬칲풉칬칲 355.2/355.2 kB 8.5 MB/s eta 0:00:00
#10 87.58 Downloading cycler-0.12.1-py3-none-any.whl (8.3 kB)
#10 87.73 Downloading filelock-3.25.2-py3-none-any.whl (26 kB)
#10 87.84 Downloading fonttools-4.62.1-cp311-cp311-manylinux2014_x86_64.manylinux_2_17_x86_64.whl (5.1 MB)
#10 88.86    풉칬칲풉칬칲풉칬칲풉칬칲풉칬칲풉칬칲풉칬칲풉칬칲풉칬칲풉칬칲풉칬칲풉칬칲풉칬칲풉칬칲풉칬칲풉칬칲풉칬칲풉칬칲풉칬칲풉칬칲풉칬칲풉칬칲풉칬칲풉칬칲풉칬칲풉칬칲풉칬칲풉칬칲풉칬칲풉칬칲풉칬칲풉칬칲풉칬칲풉칬칲풉칬칲풉칬칲풉칬칲풉칬칲풉칬칲풉칬칲 5.1/5.1 MB 5.0 MB/s eta 0:00:00
#10 88.91 Downloading idna-3.11-py3-none-any.whl (71 kB)
#10 89.30    풉칬칲풉칬칲풉칬칲풉칬칲풉칬칲풉칬칲풉칬칲풉칬칲풉칬칲풉칬칲풉칬칲풉칬칲풉칬칲풉칬칲풉칬칲풉칬칲풉칬칲풉칬칲풉칬칲풉칬칲풉칬칲풉칬칲풉칬칲풉칬칲풉칬칲풉칬칲풉칬칲풉칬칲풉칬칲풉칬칲풉칬칲풉칬칲풉칬칲풉칬칲풉칬칲풉칬칲풉칬칲풉칬칲풉칬칲풉칬칲 71.0/71.0 kB 158.1 kB/s eta 0:00:00
#10 89.34 Downloading itsdangerous-2.2.0-py3-none-any.whl (16 kB)
#10 89.40 Downloading jinja2-3.1.6-py3-none-any.whl (134 kB)
#10 89.43    풉칬칲풉칬칲풉칬칲풉칬칲풉칬칲풉칬칲풉칬칲풉칬칲풉칬칲풉칬칲풉칬칲풉칬칲풉칬칲풉칬칲풉칬칲풉칬칲풉칬칲풉칬칲풉칬칲풉칬칲풉칬칲풉칬칲풉칬칲풉칬칲풉칬칲풉칬칲풉칬칲풉칬칲풉칬칲풉칬칲풉칬칲풉칬칲풉칬칲풉칬칲풉칬칲풉칬칲풉칬칲풉칬칲풉칬칲풉칬칲 134.9/134.9 kB 5.8 MB/s eta 0:00:00
#10 89.50 Downloading kiwisolver-1.5.0-cp311-cp311-manylinux2014_x86_64.manylinux_2_17_x86_64.whl (1.4 MB)
#10 89.71    풉칬칲풉칬칲풉칬칲풉칬칲풉칬칲풉칬칲풉칬칲풉칬칲풉칬칲풉칬칲풉칬칲풉칬칲풉칬칲풉칬칲풉칬칲풉칬칲풉칬칲풉칬칲풉칬칲풉칬칲풉칬칲풉칬칲풉칬칲풉칬칲풉칬칲풉칬칲풉칬칲풉칬칲풉칬칲풉칬칲풉칬칲풉칬칲풉칬칲풉칬칲풉칬칲풉칬칲풉칬칲풉칬칲풉칬칲풉칬칲 1.4/1.4 MB 7.0 MB/s eta 0:00:00
#10 89.75 Downloading packaging-26.0-py3-none-any.whl (74 kB)
#10 89.76    풉칬칲풉칬칲풉칬칲풉칬칲풉칬칲풉칬칲풉칬칲풉칬칲풉칬칲풉칬칲풉칬칲풉칬칲풉칬칲풉칬칲풉칬칲풉칬칲풉칬칲풉칬칲풉칬칲풉칬칲풉칬칲풉칬칲풉칬칲풉칬칲풉칬칲풉칬칲풉칬칲풉칬칲풉칬칲풉칬칲풉칬칲풉칬칲풉칬칲풉칬칲풉칬칲풉칬칲풉칬칲풉칬칲풉칬칲풉칬칲 74.4/74.4 kB 4.1 MB/s eta 0:00:00
#10 89.98 Downloading pillow-12.1.1-cp311-cp311-manylinux_2_27_x86_64.manylinux_2_28_x86_64.whl (7.0 MB)
#10 91.59    풉칬칲풉칬칲풉칬칲풉칬칲풉칬칲풉칬칲풉칬칲풉칬칲풉칬칲풉칬칲풉칬칲풉칬칲풉칬칲풉칬칲풉칬칲풉칬칲풉칬칲풉칬칲풉칬칲풉칬칲풉칬칲풉칬칲풉칬칲풉칬칲풉칬칲풉칬칲풉칬칲풉칬칲풉칬칲풉칬칲풉칬칲풉칬칲풉칬칲풉칬칲풉칬칲풉칬칲풉칬칲풉칬칲풉칬칲풉칬칲 7.0/7.0 MB 4.4 MB/s eta 0:00:00
#10 91.62 Downloading pyparsing-3.3.2-py3-none-any.whl (122 kB)
#10 91.64    풉칬칲풉칬칲풉칬칲풉칬칲풉칬칲풉칬칲풉칬칲풉칬칲풉칬칲풉칬칲풉칬칲풉칬칲풉칬칲풉칬칲풉칬칲풉칬칲풉칬칲풉칬칲풉칬칲풉칬칲풉칬칲풉칬칲풉칬칲풉칬칲풉칬칲풉칬칲풉칬칲풉칬칲풉칬칲풉칬칲풉칬칲풉칬칲풉칬칲풉칬칲풉칬칲풉칬칲풉칬칲풉칬칲풉칬칲풉칬칲 122.8/122.8 kB 5.3 MB/s eta 0:00:00
#10 91.78 Downloading python_dateutil-2.9.0.post0-py2.py3-none-any.whl (229 kB)
#10 91.82    풉칬칲풉칬칲풉칬칲풉칬칲풉칬칲풉칬칲풉칬칲풉칬칲풉칬칲풉칬칲풉칬칲풉칬칲풉칬칲풉칬칲풉칬칲풉칬칲풉칬칲풉칬칲풉칬칲풉칬칲풉칬칲풉칬칲풉칬칲풉칬칲풉칬칲풉칬칲풉칬칲풉칬칲풉칬칲풉칬칲풉칬칲풉칬칲풉칬칲풉칬칲풉칬칲풉칬칲풉칬칲풉칬칲풉칬칲풉칬칲 229.9/229.9 kB 7.3 MB/s eta 0:00:00
#10 92.03 Downloading regex-2026.2.28-cp311-cp311-manylinux2014_x86_64.manylinux_2_17_x86_64.manylinux_2_28_x86_64.whl (800 kB)
#10 92.23    풉칬칲풉칬칲풉칬칲풉칬칲풉칬칲풉칬칲풉칬칲풉칬칲풉칬칲풉칬칲풉칬칲풉칬칲풉칬칲풉칬칲풉칬칲풉칬칲풉칬칲풉칬칲풉칬칲풉칬칲풉칬칲풉칬칲풉칬칲풉칬칲풉칬칲풉칬칲풉칬칲풉칬칲풉칬칲풉칬칲풉칬칲풉칬칲풉칬칲풉칬칲풉칬칲풉칬칲풉칬칲풉칬칲풉칬칲풉칬칲 800.2/800.2 kB 4.0 MB/s eta 0:00:00
#10 92.34 Downloading requests_file-3.0.1-py2.py3-none-any.whl (4.5 kB)
#10 92.46 Downloading scipy-1.17.1-cp311-cp311-manylinux_2_27_x86_64.manylinux_2_28_x86_64.whl (35.3 MB)
#10 98.92    풉칬칲풉칬칲풉칬칲풉칬칲풉칬칲풉칬칲풉칬칲풉칬칲풉칬칲풉칬칲풉칬칲풉칬칲풉칬칲풉칬칲풉칬칲풉칬칲풉칬칲풉칬칲풉칬칲풉칬칲풉칬칲풉칬칲풉칬칲풉칬칲풉칬칲풉칬칲풉칬칲풉칬칲풉칬칲풉칬칲풉칬칲풉칬칲풉칬칲풉칬칲풉칬칲풉칬칲풉칬칲풉칬칲풉칬칲풉칬칲 35.3/35.3 MB 5.2 MB/s eta 0:00:00
#10 99.02 Downloading soupsieve-2.8.3-py3-none-any.whl (37 kB)
#10 99.09 Downloading starlette-0.37.2-py3-none-any.whl (71 kB)
#10 99.11    풉칬칲풉칬칲풉칬칲풉칬칲풉칬칲풉칬칲풉칬칲풉칬칲풉칬칲풉칬칲풉칬칲풉칬칲풉칬칲풉칬칲풉칬칲풉칬칲풉칬칲풉칬칲풉칬칲풉칬칲풉칬칲풉칬칲풉칬칲풉칬칲풉칬칲풉칬칲풉칬칲풉칬칲풉칬칲풉칬칲풉칬칲풉칬칲풉칬칲풉칬칲풉칬칲풉칬칲풉칬칲풉칬칲풉칬칲풉칬칲 71.9/71.9 kB 3.3 MB/s eta 0:00:00
#10 99.20 Downloading tenacity-9.1.4-py3-none-any.whl (28 kB)
#10 99.26 Downloading threadpoolctl-3.6.0-py3-none-any.whl (18 kB)
#10 99.30 Downloading typing_extensions-4.15.0-py3-none-any.whl (44 kB)
#10 99.32    풉칬칲풉칬칲풉칬칲풉칬칲풉칬칲풉칬칲풉칬칲풉칬칲풉칬칲풉칬칲풉칬칲풉칬칲풉칬칲풉칬칲풉칬칲풉칬칲풉칬칲풉칬칲풉칬칲풉칬칲풉칬칲풉칬칲풉칬칲풉칬칲풉칬칲풉칬칲풉칬칲풉칬칲풉칬칲풉칬칲풉칬칲풉칬칲풉칬칲풉칬칲풉칬칲풉칬칲풉칬칲풉칬칲풉칬칲풉칬칲 44.6/44.6 kB 2.9 MB/s eta 0:00:00
#10 99.35 Downloading urllib3-2.6.3-py3-none-any.whl (131 kB)
#10 99.37    풉칬칲풉칬칲풉칬칲풉칬칲풉칬칲풉칬칲풉칬칲풉칬칲풉칬칲풉칬칲풉칬칲풉칬칲풉칬칲풉칬칲풉칬칲풉칬칲풉칬칲풉칬칲풉칬칲풉칬칲풉칬칲풉칬칲풉칬칲풉칬칲풉칬칲풉칬칲풉칬칲풉칬칲풉칬칲풉칬칲풉칬칲풉칬칲풉칬칲풉칬칲풉칬칲풉칬칲풉칬칲풉칬칲풉칬칲풉칬칲 131.6/131.6 kB 6.8 MB/s eta 0:00:00
#10 99.42 Downloading werkzeug-3.1.7-py3-none-any.whl (226 kB)
#10 99.45    풉칬칲풉칬칲풉칬칲풉칬칲풉칬칲풉칬칲풉칬칲풉칬칲풉칬칲풉칬칲풉칬칲풉칬칲풉칬칲풉칬칲풉칬칲풉칬칲풉칬칲풉칬칲풉칬칲풉칬칲풉칬칲풉칬칲풉칬칲풉칬칲풉칬칲풉칬칲풉칬칲풉칬칲풉칬칲풉칬칲풉칬칲풉칬칲풉칬칲풉칬칲풉칬칲풉칬칲풉칬칲풉칬칲풉칬칲풉칬칲 226.3/226.3 kB 8.7 MB/s eta 0:00:00
#10 99.74 Downloading nvidia_nccl_cu12-2.29.7-py3-none-manylinux_2_18_x86_64.whl (293.6 MB)
#10 160.3    풉칬칲풉칬칲풉칬칲풉칬칲풉칬칲풉칬칲풉칬칲풉칬칲풉칬칲풉칬칲풉칬칲풉칬칲풉칬칲풉칬칲풉칬칲풉칬칲풉칬칲풉칬칲풉칬칲풉칬칲풉칬칲풉칬칲풉칬칲풉칬칲풉칬칲풉칬칲풉칬칲풉칬칲풉칬칲풉칬칲풉칬칲풉칬칲풉칬칲풉칬칲풉칬칲풉칬칲풉칬칲풉칬칲풉칬칲풉칬칲 293.6/293.6 MB 5.2 MB/s eta 0:00:00
#10 160.4 Downloading premailer-3.10.0-py2.py3-none-any.whl (19 kB)
#10 160.5 Downloading anyio-4.13.0-py3-none-any.whl (114 kB)
#10 160.5    풉칬칲풉칬칲풉칬칲풉칬칲풉칬칲풉칬칲풉칬칲풉칬칲풉칬칲풉칬칲풉칬칲풉칬칲풉칬칲풉칬칲풉칬칲풉칬칲풉칬칲풉칬칲풉칬칲풉칬칲풉칬칲풉칬칲풉칬칲풉칬칲풉칬칲풉칬칲풉칬칲풉칬칲풉칬칲풉칬칲풉칬칲풉칬칲풉칬칲풉칬칲풉칬칲풉칬칲풉칬칲풉칬칲풉칬칲풉칬칲 114.4/114.4 kB 5.6 MB/s eta 0:00:00
#10 160.5 Downloading markupsafe-3.0.3-cp311-cp311-manylinux2014_x86_64.manylinux_2_17_x86_64.manylinux_2_28_x86_64.whl (22 kB)
#10 160.6 Downloading six-1.17.0-py2.py3-none-any.whl (11 kB)
#10 160.7 Downloading cachetools-7.0.5-py3-none-any.whl (13 kB)
#10 160.8 Downloading cssselect-1.4.0-py3-none-any.whl (18 kB)
#10 160.9 Downloading cssutils-2.11.1-py3-none-any.whl (385 kB)
#10 161.0    풉칬칲풉칬칲풉칬칲풉칬칲풉칬칲풉칬칲풉칬칲풉칬칲풉칬칲풉칬칲풉칬칲풉칬칲풉칬칲풉칬칲풉칬칲풉칬칲풉칬칲풉칬칲풉칬칲풉칬칲풉칬칲풉칬칲풉칬칲풉칬칲풉칬칲풉칬칲풉칬칲풉칬칲풉칬칲풉칬칲풉칬칲풉칬칲풉칬칲풉칬칲풉칬칲풉칬칲풉칬칲풉칬칲풉칬칲풉칬칲 385.7/385.7 kB 8.4 MB/s eta 0:00:00
#10 161.1 Downloading lxml-6.0.2-cp311-cp311-manylinux_2_26_x86_64.manylinux_2_28_x86_64.whl (5.2 MB)
#10 162.1    풉칬칲풉칬칲풉칬칲풉칬칲풉칬칲풉칬칲풉칬칲풉칬칲풉칬칲풉칬칲풉칬칲풉칬칲풉칬칲풉칬칲풉칬칲풉칬칲풉칬칲풉칬칲풉칬칲풉칬칲풉칬칲풉칬칲풉칬칲풉칬칲풉칬칲풉칬칲풉칬칲풉칬칲풉칬칲풉칬칲풉칬칲풉칬칲풉칬칲풉칬칲풉칬칲풉칬칲풉칬칲풉칬칲풉칬칲풉칬칲 5.2/5.2 MB 5.3 MB/s eta 0:00:00
#10 162.2 Downloading more_itertools-10.8.0-py3-none-any.whl (69 kB)
#10 162.2    풉칬칲풉칬칲풉칬칲풉칬칲풉칬칲풉칬칲풉칬칲풉칬칲풉칬칲풉칬칲풉칬칲풉칬칲풉칬칲풉칬칲풉칬칲풉칬칲풉칬칲풉칬칲풉칬칲풉칬칲풉칬칲풉칬칲풉칬칲풉칬칲풉칬칲풉칬칲풉칬칲풉칬칲풉칬칲풉칬칲풉칬칲풉칬칲풉칬칲풉칬칲풉칬칲풉칬칲풉칬칲풉칬칲풉칬칲풉칬칲 69.7/69.7 kB 7.1 MB/s eta 0:00:00
#10 163.2 Installing collected packages: urllib3, typing-extensions, tqdm, threadpoolctl, tenacity, soupsieve, six, regex, python-dotenv, pyparsing, pillow, packaging, nvidia-nccl-cu12, numpy, more-itertools, MarkupSafe, lxml, kiwisolver, joblib, itsdangerous, idna, fonttools, filelock, cycler, cssselect, click, charset-normalizer, certifi, cachetools, blinker, annotated-types, Werkzeug, scipy, Requests, python-dateutil, pydantic-core, plotly, nltk, Jinja2, cssutils, contourpy, beautifulsoup4, anyio, xgboost, starlette, scikit_learn, requests-file, python-whois, pydantic, premailer, pandas, matplotlib, Flask, yagmail, tldextract, seaborn, Flask_Cors, fastapi
#10 193.8 Successfully installed Flask-3.0.2 Flask_Cors-4.0.0 Jinja2-3.1.6 MarkupSafe-3.0.3 Requests-2.31.0 Werkzeug-3.1.7 annotated-types-0.7.0 anyio-4.13.0 beautifulsoup4-4.14.3 blinker-1.9.0 cachetools-7.0.5 certifi-2026.2.25 charset-normalizer-3.4.6 click-8.3.1 contourpy-1.3.3 cssselect-1.4.0 cssutils-2.11.1 cycler-0.12.1 fastapi-0.110.1 filelock-3.25.2 fonttools-4.62.1 idna-3.11 itsdangerous-2.2.0 joblib-1.3.2 kiwisolver-1.5.0 lxml-6.0.2 matplotlib-3.10.8 more-itertools-10.8.0 nltk-3.8.1 numpy-1.26.4 nvidia-nccl-cu12-2.29.7 packaging-26.0 pandas-3.0.1 pillow-12.1.1 plotly-5.20.0 premailer-3.10.0 pydantic-2.6.4 pydantic-core-2.16.3 pyparsing-3.3.2 python-dateutil-2.9.0.post0 python-dotenv-1.0.1 python-whois-0.9.6 regex-2026.2.28 requests-file-3.0.1 scikit_learn-1.4.1.post1 scipy-1.17.1 seaborn-0.13.2 six-1.17.0 soupsieve-2.8.3 starlette-0.37.2 tenacity-9.1.4 threadpoolctl-3.6.0 tldextract-5.3.1 tqdm-4.66.2 typing-extensions-4.15.0 urllib3-2.6.3 xgboost-3.2.0 yagmail-0.15.293
#10 193.8 WARNING: Running pip as the 'root' user can result in broken permissions and conflicting behaviour with the system package manager. It is recommended to use a virtual environment instead: https://pip.pypa.io/warnings/venv
#10 194.3 
#10 194.3 [notice] A new release of pip is available: 24.0 -> 26.0.1
#10 194.3 [notice] To update, run: pip install --upgrade pip
#10 195.6 Requirement already satisfied: fastapi in /usr/local/lib/python3.11/site-packages (0.110.1)
#10 196.5 Collecting psycopg2-binary
#10 196.9   Downloading psycopg2_binary-2.9.11-cp311-cp311-manylinux2014_x86_64.manylinux_2_17_x86_64.whl.metadata (4.9 kB)
#10 196.9 Requirement already satisfied: requests in /usr/local/lib/python3.11/site-packages (2.31.0)
#10 197.0 Collecting python-multipart
#10 197.1   Downloading python_multipart-0.0.22-py3-none-any.whl.metadata (1.8 kB)
#10 197.7 Collecting PyMuPDF
#10 197.7   Downloading pymupdf-1.27.2.2-cp310-abi3-manylinux_2_28_x86_64.whl.metadata (3.4 kB)
#10 198.1 Collecting python-docx
#10 198.1   Downloading python_docx-1.2.0-py3-none-any.whl.metadata (2.0 kB)
#10 198.1 Requirement already satisfied: scikit-learn in /usr/local/lib/python3.11/site-packages (1.4.1.post1)
#10 198.1 Requirement already satisfied: joblib in /usr/local/lib/python3.11/site-packages (1.3.2)
#10 198.1 Requirement already satisfied: numpy in /usr/local/lib/python3.11/site-packages (1.26.4)
#10 198.1 Requirement already satisfied: tldextract in /usr/local/lib/python3.11/site-packages (5.3.1)
#10 198.1 Requirement already satisfied: python-whois in /usr/local/lib/python3.11/site-packages (0.9.6)
#10 198.1 Requirement already satisfied: beautifulsoup4 in /usr/local/lib/python3.11/site-packages (4.14.3)
#10 198.1 Requirement already satisfied: xgboost in /usr/local/lib/python3.11/site-packages (3.2.0)
#10 198.5 Collecting uvicorn[standard]
#10 198.7   Downloading uvicorn-0.42.0-py3-none-any.whl.metadata (6.7 kB)
#10 198.7 Requirement already satisfied: pydantic!=1.8,!=1.8.1,!=2.0.0,!=2.0.1,!=2.1.0,<3.0.0,>=1.7.4 in /usr/local/lib/python3.11/site-packages (from fastapi) (2.6.4)
#10 198.7 Requirement already satisfied: starlette<0.38.0,>=0.37.2 in /usr/local/lib/python3.11/site-packages (from fastapi) (0.37.2)
#10 198.7 Requirement already satisfied: typing-extensions>=4.8.0 in /usr/local/lib/python3.11/site-packages (from fastapi) (4.15.0)
#10 198.7 Requirement already satisfied: click>=7.0 in /usr/local/lib/python3.11/site-packages (from uvicorn[standard]) (8.3.1)
#10 198.8 Collecting h11>=0.8 (from uvicorn[standard])
#10 198.8   Downloading h11-0.16.0-py3-none-any.whl.metadata (8.3 kB)
#10 199.1 Collecting httptools>=0.6.3 (from uvicorn[standard])
#10 199.3   Downloading httptools-0.7.1-cp311-cp311-manylinux1_x86_64.manylinux_2_28_x86_64.manylinux_2_5_x86_64.whl.metadata (3.5 kB)
#10 199.3 Requirement already satisfied: python-dotenv>=0.13 in /usr/local/lib/python3.11/site-packages (from uvicorn[standard]) (1.0.1)
#10 199.5 Collecting pyyaml>=5.1 (from uvicorn[standard])
#10 199.5   Downloading pyyaml-6.0.3-cp311-cp311-manylinux2014_x86_64.manylinux_2_17_x86_64.manylinux_2_28_x86_64.whl.metadata (2.4 kB)
#10 199.8 Collecting uvloop>=0.15.1 (from uvicorn[standard])
#10 199.9   Downloading uvloop-0.22.1-cp311-cp311-manylinux2014_x86_64.manylinux_2_17_x86_64.manylinux_2_28_x86_64.whl.metadata (4.9 kB)
#10 200.0 Collecting watchfiles>=0.20 (from uvicorn[standard])
#10 200.0   Downloading watchfiles-1.1.1-cp311-cp311-manylinux_2_17_x86_64.manylinux2014_x86_64.whl.metadata (4.9 kB)
#10 200.3 Collecting websockets>=10.4 (from uvicorn[standard])
#10 200.5   Downloading websockets-16.0-cp311-cp311-manylinux1_x86_64.manylinux_2_28_x86_64.manylinux_2_5_x86_64.whl.metadata (6.8 kB)
#10 200.5 Requirement already satisfied: charset-normalizer<4,>=2 in /usr/local/lib/python3.11/site-packages (from requests) (3.4.6)
#10 200.5 Requirement already satisfied: idna<4,>=2.5 in /usr/local/lib/python3.11/site-packages (from requests) (3.11)
#10 200.5 Requirement already satisfied: urllib3<3,>=1.21.1 in /usr/local/lib/python3.11/site-packages (from requests) (2.6.3)
#10 200.5 Requirement already satisfied: certifi>=2017.4.17 in /usr/local/lib/python3.11/site-packages (from requests) (2026.2.25)
#10 200.5 Requirement already satisfied: lxml>=3.1.0 in /usr/local/lib/python3.11/site-packages (from python-docx) (6.0.2)
#10 200.6 Requirement already satisfied: scipy>=1.6.0 in /usr/local/lib/python3.11/site-packages (from scikit-learn) (1.17.1)
#10 200.6 Requirement already satisfied: threadpoolctl>=2.0.0 in /usr/local/lib/python3.11/site-packages (from scikit-learn) (3.6.0)
#10 200.6 Requirement already satisfied: requests-file>=1.4 in /usr/local/lib/python3.11/site-packages (from tldextract) (3.0.1)
#10 200.6 Requirement already satisfied: filelock>=3.0.8 in /usr/local/lib/python3.11/site-packages (from tldextract) (3.25.2)
#10 200.6 Requirement already satisfied: python-dateutil in /usr/local/lib/python3.11/site-packages (from python-whois) (2.9.0.post0)
#10 200.6 Requirement already satisfied: soupsieve>=1.6.1 in /usr/local/lib/python3.11/site-packages (from beautifulsoup4) (2.8.3)
#10 200.6 Requirement already satisfied: nvidia-nccl-cu12 in /usr/local/lib/python3.11/site-packages (from xgboost) (2.29.7)
#10 200.6 Requirement already satisfied: annotated-types>=0.4.0 in /usr/local/lib/python3.11/site-packages (from pydantic!=1.8,!=1.8.1,!=2.0.0,!=2.0.1,!=2.1.0,<3.0.0,>=1.7.4->fastapi) (0.7.0)
#10 200.6 Requirement already satisfied: pydantic-core==2.16.3 in /usr/local/lib/python3.11/site-packages (from pydantic!=1.8,!=1.8.1,!=2.0.0,!=2.0.1,!=2.1.0,<3.0.0,>=1.7.4->fastapi) (2.16.3)
#10 200.7 Requirement already satisfied: anyio<5,>=3.4.0 in /usr/local/lib/python3.11/site-packages (from starlette<0.38.0,>=0.37.2->fastapi) (4.13.0)
#10 200.7 Requirement already satisfied: six>=1.5 in /usr/local/lib/python3.11/site-packages (from python-dateutil->python-whois) (1.17.0)
#10 200.8 Downloading psycopg2_binary-2.9.11-cp311-cp311-manylinux2014_x86_64.manylinux_2_17_x86_64.whl (4.2 MB)
#10 204.4    풉칬칲풉칬칲풉칬칲풉칬칲풉칬칲풉칬칲풉칬칲풉칬칲풉칬칲풉칬칲풉칬칲풉칬칲풉칬칲풉칬칲풉칬칲풉칬칲풉칬칲풉칬칲풉칬칲풉칬칲풉칬칲풉칬칲풉칬칲풉칬칲풉칬칲풉칬칲풉칬칲풉칬칲풉칬칲풉칬칲풉칬칲풉칬칲풉칬칲풉칬칲풉칬칲풉칬칲풉칬칲풉칬칲풉칬칲풉칬칲 4.2/4.2 MB 1.2 MB/s eta 0:00:00
#10 204.4 Downloading python_multipart-0.0.22-py3-none-any.whl (24 kB)
#10 204.5 Downloading pymupdf-1.27.2.2-cp310-abi3-manylinux_2_28_x86_64.whl (24.9 MB)
#10 214.9    풉칬칲풉칬칲풉칬칲풉칬칲풉칬칲풉칬칲풉칬칲풉칬칲풉칬칲풉칬칲풉칬칲풉칬칲풉칬칲풉칬칲풉칬칲풉칬칲풉칬칲풉칬칲풉칬칲풉칬칲풉칬칲풉칬칲풉칬칲풉칬칲풉칬칲풉칬칲풉칬칲풉칬칲풉칬칲풉칬칲풉칬칲풉칬칲풉칬칲풉칬칲풉칬칲풉칬칲풉칬칲풉칬칲풉칬칲풉칬칲 24.9/24.9 MB 4.2 MB/s eta 0:00:00
#10 214.9 Downloading python_docx-1.2.0-py3-none-any.whl (252 kB)
#10 215.0    풉칬칲풉칬칲풉칬칲풉칬칲풉칬칲풉칬칲풉칬칲풉칬칲풉칬칲풉칬칲풉칬칲풉칬칲풉칬칲풉칬칲풉칬칲풉칬칲풉칬칲풉칬칲풉칬칲풉칬칲풉칬칲풉칬칲풉칬칲풉칬칲풉칬칲풉칬칲풉칬칲풉칬칲풉칬칲풉칬칲풉칬칲풉칬칲풉칬칲풉칬칲풉칬칲풉칬칲풉칬칲풉칬칲풉칬칲풉칬칲 253.0/253.0 kB 3.4 MB/s eta 0:00:00
#10 215.1 Downloading h11-0.16.0-py3-none-any.whl (37 kB)
#10 215.2 Downloading httptools-0.7.1-cp311-cp311-manylinux1_x86_64.manylinux_2_28_x86_64.manylinux_2_5_x86_64.whl (456 kB)
#10 215.3    풉칬칲풉칬칲풉칬칲풉칬칲풉칬칲풉칬칲풉칬칲풉칬칲풉칬칲풉칬칲풉칬칲풉칬칲풉칬칲풉칬칲풉칬칲풉칬칲풉칬칲풉칬칲풉칬칲풉칬칲풉칬칲풉칬칲풉칬칲풉칬칲풉칬칲풉칬칲풉칬칲풉칬칲풉칬칲풉칬칲풉칬칲풉칬칲풉칬칲풉칬칲풉칬칲풉칬칲풉칬칲풉칬칲풉칬칲풉칬칲 456.6/456.6 kB 3.9 MB/s eta 0:00:00
#10 215.4 Downloading pyyaml-6.0.3-cp311-cp311-manylinux2014_x86_64.manylinux_2_17_x86_64.manylinux_2_28_x86_64.whl (806 kB)
#10 215.6    풉칬칲풉칬칲풉칬칲풉칬칲풉칬칲풉칬칲풉칬칲풉칬칲풉칬칲풉칬칲풉칬칲풉칬칲풉칬칲풉칬칲풉칬칲풉칬칲풉칬칲풉칬칲풉칬칲풉칬칲풉칬칲풉칬칲풉칬칲풉칬칲풉칬칲풉칬칲풉칬칲풉칬칲풉칬칲풉칬칲풉칬칲풉칬칲풉칬칲풉칬칲풉칬칲풉칬칲풉칬칲풉칬칲풉칬칲풉칬칲 806.6/806.6 kB 4.4 MB/s eta 0:00:00
#10 215.6 Downloading uvloop-0.22.1-cp311-cp311-manylinux2014_x86_64.manylinux_2_17_x86_64.manylinux_2_28_x86_64.whl (3.8 MB)
#10 216.3    풉칬칲풉칬칲풉칬칲풉칬칲풉칬칲풉칬칲풉칬칲풉칬칲풉칬칲풉칬칲풉칬칲풉칬칲풉칬칲풉칬칲풉칬칲풉칬칲풉칬칲풉칬칲풉칬칲풉칬칲풉칬칲풉칬칲풉칬칲풉칬칲풉칬칲풉칬칲풉칬칲풉칬칲풉칬칲풉칬칲풉칬칲풉칬칲풉칬칲풉칬칲풉칬칲풉칬칲풉칬칲풉칬칲풉칬칲풉칬칲 3.8/3.8 MB 5.7 MB/s eta 0:00:00
#10 216.3 Downloading watchfiles-1.1.1-cp311-cp311-manylinux_2_17_x86_64.manylinux2014_x86_64.whl (456 kB)
#10 216.4    풉칬칲풉칬칲풉칬칲풉칬칲풉칬칲풉칬칲풉칬칲풉칬칲풉칬칲풉칬칲풉칬칲풉칬칲풉칬칲풉칬칲풉칬칲풉칬칲풉칬칲풉칬칲풉칬칲풉칬칲풉칬칲풉칬칲풉칬칲풉칬칲풉칬칲풉칬칲풉칬칲풉칬칲풉칬칲풉칬칲풉칬칲풉칬칲풉칬칲풉칬칲풉칬칲풉칬칲풉칬칲풉칬칲풉칬칲풉칬칲 456.1/456.1 kB 6.1 MB/s eta 0:00:00
#10 216.5 Downloading websockets-16.0-cp311-cp311-manylinux1_x86_64.manylinux_2_28_x86_64.manylinux_2_5_x86_64.whl (184 kB)
#10 216.5    풉칬칲풉칬칲풉칬칲풉칬칲풉칬칲풉칬칲풉칬칲풉칬칲풉칬칲풉칬칲풉칬칲풉칬칲풉칬칲풉칬칲풉칬칲풉칬칲풉칬칲풉칬칲풉칬칲풉칬칲풉칬칲풉칬칲풉칬칲풉칬칲풉칬칲풉칬칲풉칬칲풉칬칲풉칬칲풉칬칲풉칬칲풉칬칲풉칬칲풉칬칲풉칬칲풉칬칲풉칬칲풉칬칲풉칬칲풉칬칲 184.6/184.6 kB 6.4 MB/s eta 0:00:00
#10 216.6 Downloading uvicorn-0.42.0-py3-none-any.whl (68 kB)
#10 216.6    풉칬칲풉칬칲풉칬칲풉칬칲풉칬칲풉칬칲풉칬칲풉칬칲풉칬칲풉칬칲풉칬칲풉칬칲풉칬칲풉칬칲풉칬칲풉칬칲풉칬칲풉칬칲풉칬칲풉칬칲풉칬칲풉칬칲풉칬칲풉칬칲풉칬칲풉칬칲풉칬칲풉칬칲풉칬칲풉칬칲풉칬칲풉칬칲풉칬칲풉칬칲풉칬칲풉칬칲풉칬칲풉칬칲풉칬칲풉칬칲 68.8/68.8 kB 5.8 MB/s eta 0:00:00
#10 217.0 Installing collected packages: websockets, uvloop, pyyaml, python-multipart, python-docx, PyMuPDF, psycopg2-binary, httptools, h11, watchfiles, uvicorn
#10 218.4 WARNING: Running pip as the 'root' user can result in broken permissions and conflicting behaviour with the system package manager. It is recommended to use a virtual environment instead: https://pip.pypa.io/warnings/venv
#10 218.4 Successfully installed PyMuPDF-1.27.2.2 h11-0.16.0 httptools-0.7.1 psycopg2-binary-2.9.11 python-docx-1.2.0 python-multipart-0.0.22 pyyaml-6.0.3 uvicorn-0.42.0 uvloop-0.22.1 watchfiles-1.1.1 websockets-16.0
#10 DONE 224.4s
#11 [6/6] COPY . .
#11 DONE 0.4s
#12 exporting to image
#12 exporting layers
#12 exporting layers 46.0s done
#12 exporting manifest sha256:60efdb58d17d5964da8512f6b84b49fe8d38348143c946071ecd446fa2c11efa 0.0s done
#12 exporting config sha256:5b25fc36929e05d9cd2a45ea2028ac5e6bf9c8218a762b1f75d79b73fe46cdc8 done
#12 exporting attestation manifest sha256:7b7d984a78e375dc725a9e0fd81dc6e8305a3681b999346c64d6758771619186 0.0s done
#12 exporting manifest list sha256:a606e0589d99f7b039f623aa0d1eb5f294a73d467dcac822213bd76507e6efbe done
#12 naming to docker.io/library/hack-o-hire-2-email-monitor:latest done
#12 unpacking to docker.io/library/hack-o-hire-2-email-monitor:latest
#12 unpacking to docker.io/library/hack-o-hire-2-email-monitor:latest 23.6s done
#12 DONE 69.8s
#13 resolving provenance for metadata file
#13 DONE 0.0s

