 Image hack-o-hire-2-frontend-builder Building 
 Image hack-o-hire-2-email-monitor Building 
#1 [internal] load local bake definitions
#1 reading from stdin 1.03kB done
#1 DONE 0.0s

#2 [email-monitor internal] load build definition from Dockerfile
#2 transferring dockerfile: 799B 0.1s done
#2 DONE 0.1s

#3 [frontend-builder internal] load build definition from Dockerfile
#3 transferring dockerfile: 282B 0.1s done
#3 DONE 0.1s

#4 [email-monitor internal] load metadata for docker.io/library/python:3.11-slim
#4 ...

#5 [auth] library/node:pull token for registry-1.docker.io
#5 DONE 0.0s

#6 [auth] library/alpine:pull token for registry-1.docker.io
#6 DONE 0.0s

#7 [auth] library/python:pull token for registry-1.docker.io
#7 DONE 0.0s

#8 [frontend-builder internal] load metadata for docker.io/library/alpine:3.18
#8 DONE 3.5s

#9 [frontend-builder internal] load metadata for docker.io/library/node:20-alpine
#9 DONE 3.5s

#4 [email-monitor internal] load metadata for docker.io/library/python:3.11-slim
#4 DONE 3.5s

#10 [frontend-builder internal] load .dockerignore
#10 transferring context: 2B done
#10 DONE 0.0s

#11 [email-monitor internal] load .dockerignore
#11 transferring context: 2B done
#11 DONE 0.0s

#12 [frontend-builder stage-1 1/3] FROM docker.io/library/alpine:3.18@sha256:de0eb0b3f2a47ba1eb89389859a9bd88b28e82f5826b6969ad604979713c2d4f
#12 resolve docker.io/library/alpine:3.18@sha256:de0eb0b3f2a47ba1eb89389859a9bd88b28e82f5826b6969ad604979713c2d4f 0.0s done
#12 DONE 0.0s

#13 [frontend-builder builder 1/6] FROM docker.io/library/node:20-alpine@sha256:f598378b5240225e6beab68fa9f356db1fb8efe55173e6d4d8153113bb8f333c
#13 resolve docker.io/library/node:20-alpine@sha256:f598378b5240225e6beab68fa9f356db1fb8efe55173e6d4d8153113bb8f333c 0.0s done
#13 DONE 0.0s

#14 [email-monitor 1/6] FROM docker.io/library/python:3.11-slim@sha256:9358444059ed78e2975ada2c189f1c1a3144a5dab6f35bff8c981afb38946634
#14 resolve docker.io/library/python:3.11-slim@sha256:9358444059ed78e2975ada2c189f1c1a3144a5dab6f35bff8c981afb38946634 0.0s done
#14 DONE 0.0s

#15 [email-monitor 2/6] WORKDIR /app
#15 CACHED

#16 [email-monitor internal] load build context
#16 ...

#17 [frontend-builder internal] load build context
#17 transferring context: 585.65kB 0.3s done
#17 DONE 0.3s

#18 [frontend-builder builder 3/6] COPY package.json package-lock.json ./
#18 CACHED

#19 [frontend-builder builder 2/6] WORKDIR /app
#19 CACHED

#20 [frontend-builder builder 4/6] RUN npm ci
#20 CACHED

#16 [email-monitor internal] load build context
#16 transferring context: 30.21MB 1.1s done
#16 DONE 1.1s

#21 [frontend-builder builder 5/6] COPY . .
#21 DONE 2.1s

#22 [email-monitor 3/6] RUN apt-get update && apt-get install -y --no-install-recommends     libgl1-mesa-glx libglib2.0-0 libgomp1 gcc g++     && rm -rf /var/lib/apt/lists/*
#22 ...

#23 [frontend-builder builder 6/6] RUN npm run build
#23 0.394 
#23 0.394 > aegisai@1.0.0 build
#23 0.394 > vite build
#23 0.394 
#23 0.594 vite v5.4.21 building for production...
#23 0.639 transforming...
#23 4.592 Γ£ô 1212 modules transformed.
#23 5.155 rendering chunks...
#23 5.172 computing gzip size...
#23 5.212 dist/index.html                     0.79 kB Γöé gzip:   0.48 kB
#23 5.212 dist/assets/index-N1jZG4zS.css     59.34 kB Γöé gzip:  10.28 kB
#23 5.212 dist/assets/index-B6r91a7D.js   1,003.04 kB Γöé gzip: 278.37 kB
#23 5.212 
#23 5.212 (!) Some chunks are larger than 500 kB after minification. Consider:
#23 5.212 - Using dynamic import() to code-split the application
#23 5.212 - Use build.rollupOptions.output.manualChunks to improve chunking: https://rollupjs.org/configuration-options/#output-manualchunks
#23 5.212 - Adjust chunk size limit for this warning via build.chunkSizeWarningLimit.
#23 5.212 Γ£ô built in 4.60s
#23 DONE 5.3s

#22 [email-monitor 3/6] RUN apt-get update && apt-get install -y --no-install-recommends     libgl1-mesa-glx libglib2.0-0 libgomp1 gcc g++     && rm -rf /var/lib/apt/lists/*
#22 ...

#24 [frontend-builder stage-1 2/3] WORKDIR /built_dist
#24 CACHED

#25 [frontend-builder stage-1 3/3] COPY --from=builder /app/dist .
#25 DONE 0.0s

#26 [frontend-builder] exporting to image
#26 exporting layers 0.1s done
#26 exporting manifest sha256:03248e1ee9196803f234bc0b2363803a28c7c3744f2425e7d8dead95c7a143a7 done
#26 exporting config sha256:aa746faafef178e50c7cb60b5633bf37f939f55d71f70533dc1d1adf32294a0c
#26 exporting config sha256:aa746faafef178e50c7cb60b5633bf37f939f55d71f70533dc1d1adf32294a0c done
#26 exporting attestation manifest sha256:43ce542b73dee798c63c49f46e7d1821101f621fc73584d90e571dbd4898c290 0.0s done
#26 exporting manifest list sha256:48d26c482b480596747d73acf9c574b9340103c5f330c3de99ba68ead466d741 0.0s done
#26 naming to docker.io/library/hack-o-hire-2-frontend-builder:latest done
#26 unpacking to docker.io/library/hack-o-hire-2-frontend-builder:latest 0.0s done
#26 DONE 0.2s

#22 [email-monitor 3/6] RUN apt-get update && apt-get install -y --no-install-recommends     libgl1-mesa-glx libglib2.0-0 libgomp1 gcc g++     && rm -rf /var/lib/apt/lists/*
#22 ...

#27 [frontend-builder] resolving provenance for metadata file
#27 DONE 0.0s

#22 [email-monitor 3/6] RUN apt-get update && apt-get install -y --no-install-recommends     libgl1-mesa-glx libglib2.0-0 libgomp1 gcc g++     && rm -rf /var/lib/apt/lists/*
#22 22.35 Ign:1 http://deb.debian.org/debian trixie InRelease
#22 22.54 Get:2 http://deb.debian.org/debian trixie-updates InRelease [47.3 kB]
#22 23.09 Get:3 http://deb.debian.org/debian-security trixie-security InRelease [43.4 kB]
#22 23.52 Hit:1 http://deb.debian.org/debian trixie InRelease
#22 23.55 Get:4 http://deb.debian.org/debian trixie-updates/main amd64 Packages [5412 B]
#22 23.58 Get:5 http://deb.debian.org/debian-security trixie-security/main amd64 Packages [114 kB]
#22 23.67 Get:6 http://deb.debian.org/debian trixie/main amd64 Packages [9671 kB]
#22 28.01 Fetched 9881 kB in 27s (359 kB/s)
#22 28.01 Reading package lists...
#22 28.49 Reading package lists...
#22 28.96 Building dependency tree...
#22 29.14 Reading state information...
#22 29.16 Package libgl1-mesa-glx is not available, but is referred to by another package.
#22 29.16 This may mean that the package is missing, has been obsoleted, or
#22 29.16 is only available from another source
#22 29.16 
#22 29.16 E: Package 'libgl1-mesa-glx' has no installation candidate
#22 ERROR: process "/bin/sh -c apt-get update && apt-get install -y --no-install-recommends     libgl1-mesa-glx libglib2.0-0 libgomp1 gcc g++     && rm -rf /var/lib/apt/lists/*" did not complete successfully: exit code: 100
------
 > [email-monitor 3/6] RUN apt-get update && apt-get install -y --no-install-recommends     libgl1-mesa-glx libglib2.0-0 libgomp1 gcc g++     && rm -rf /var/lib/apt/lists/*:
23.58 Get:5 http://deb.debian.org/debian-security trixie-security/main amd64 Packages [114 kB]
23.67 Get:6 http://deb.debian.org/debian trixie/main amd64 Packages [9671 kB]



29.16 Package libgl1-mesa-glx is not available, but is referred to by another package.
29.16 This may mean that the package is missing, has been obsoleted, or
29.16 is only available from another source
29.16 
29.16 E: Package 'libgl1-mesa-glx' has no installation candidate
------
Dockerfile:6

--------------------

   5 |     # System deps for fitz (PyMuPDF), lxml, etc.

   6 | >>> RUN apt-get update && apt-get install -y --no-install-recommends \

   7 | >>>     libgl1-mesa-glx libglib2.0-0 libgomp1 gcc g++ \

   8 | >>>     && rm -rf /var/lib/apt/lists/*

   9 |     

--------------------

target email-monitor: failed to solve: process "/bin/sh -c apt-get update && apt-get install -y --no-install-recommends     libgl1-mesa-glx libglib2.0-0 libgomp1 gcc g++     && rm -rf /var/lib/apt/lists/*" did not complete successfully: exit code: 100



View build details: docker-desktop://dashboard/build/default/default/2qmciubp1nhfi8i66dbtx6dgf

